{"C:\\Users\\polin\\OneDrive\\web\\chat_app\\WebChat\\frontend\\src\\socket.js": {"path":"C:\\Users\\polin\\OneDrive\\web\\chat_app\\WebChat\\frontend\\src\\socket.js","statementMap":{"0":{"start":{"line":4,"column":15},"end":{"line":4,"column":42}}},"fnMap":{},"branchMap":{},"s":{"0":1},"f":{},"b":{},"_coverageSchema":"1a1c01bbd47fc00a2c39e90264f33305004495a9","hash":"9a20ff5e35568c49c41c5c0de36a545b9746b1f0"}
,"C:\\Users\\polin\\OneDrive\\web\\chat_app\\WebChat\\frontend\\src\\pages\\AuthPage.vue": {"path":"C:\\Users\\polin\\OneDrive\\web\\chat_app\\WebChat\\frontend\\src\\pages\\AuthPage.vue","statementMap":{"0":{"start":{"line":3,"column":0},"end":{"line":5,"column":3}},"1":{"start":{"line":6,"column":0},"end":{"line":6,"column":25}},"2":{"start":{"line":7,"column":18},"end":{"line":7,"column":53}},"3":{"start":{"line":8,"column":15},"end":{"line":46,"column":1}},"4":{"start":{"line":10,"column":4},"end":{"line":16,"column":6}},"5":{"start":{"line":21,"column":6},"end":{"line":21,"column":43}},"6":{"start":{"line":22,"column":6},"end":{"line":22,"column":29}},"7":{"start":{"line":26,"column":6},"end":{"line":29,"column":7}},"8":{"start":{"line":27,"column":8},"end":{"line":27,"column":62}},"9":{"start":{"line":28,"column":8},"end":{"line":28,"column":15}},"10":{"start":{"line":30,"column":6},"end":{"line":43,"column":7}},"11":{"start":{"line":31,"column":8},"end":{"line":38,"column":9}},"12":{"start":{"line":33,"column":24},"end":{"line":33,"column":79}},"13":{"start":{"line":34,"column":10},"end":{"line":34,"column":47}},"14":{"start":{"line":37,"column":10},"end":{"line":37,"column":84}},"15":{"start":{"line":40,"column":8},"end":{"line":40,"column":36}},"16":{"start":{"line":42,"column":8},"end":{"line":42,"column":123}},"17":{"start":{"line":47,"column":0},"end":{"line":47,"column":13}},"18":{"start":{"line":49,"column":0},"end":{"line":51,"column":3}},"19":{"start":{"line":52,"column":0},"end":{"line":52,"column":24}},"20":{"start":{"line":53,"column":11},"end":{"line":53,"column":25}},"21":{"start":{"line":54,"column":19},"end":{"line":59,"column":1}},"22":{"start":{"line":60,"column":19},"end":{"line":62,"column":1}},"23":{"start":{"line":63,"column":19},"end":{"line":65,"column":1}},"24":{"start":{"line":66,"column":19},"end":{"line":68,"column":1}},"25":{"start":{"line":69,"column":19},"end":{"line":71,"column":1}},"26":{"start":{"line":72,"column":19},"end":{"line":74,"column":1}},"27":{"start":{"line":75,"column":19},"end":{"line":77,"column":1}},"28":{"start":{"line":78,"column":19},"end":{"line":81,"column":1}},"29":{"start":{"line":82,"column":19},"end":{"line":84,"column":1}},"30":{"start":{"line":85,"column":20},"end":{"line":87,"column":1}},"31":{"start":{"line":88,"column":20},"end":{"line":91,"column":1}},"32":{"start":{"line":92,"column":20},"end":{"line":94,"column":1}},"33":{"start":{"line":95,"column":20},"end":{"line":98,"column":1}},"34":{"start":{"line":100,"column":2},"end":{"line":132,"column":307}},"35":{"start":{"line":101,"column":77},"end":{"line":101,"column":124}},"36":{"start":{"line":110,"column":63},"end":{"line":110,"column":85}},"37":{"start":{"line":119,"column":63},"end":{"line":119,"column":82}},"38":{"start":{"line":128,"column":63},"end":{"line":128,"column":85}},"39":{"start":{"line":130,"column":52},"end":{"line":130,"column":95}},"40":{"start":{"line":133,"column":2},"end":{"line":133,"column":49}}},"fnMap":{"0":{"name":"(anonymous_0)","decl":{"start":{"line":9,"column":2},"end":{"line":9,"column":3}},"loc":{"start":{"line":9,"column":9},"end":{"line":17,"column":3}},"line":9},"1":{"name":"(anonymous_1)","decl":{"start":{"line":20,"column":4},"end":{"line":20,"column":5}},"loc":{"start":{"line":20,"column":17},"end":{"line":23,"column":5}},"line":20},"2":{"name":"(anonymous_2)","decl":{"start":{"line":25,"column":4},"end":{"line":25,"column":5}},"loc":{"start":{"line":25,"column":25},"end":{"line":44,"column":5}},"line":25},"3":{"name":"render","decl":{"start":{"line":99,"column":9},"end":{"line":99,"column":15}},"loc":{"start":{"line":99,"column":30},"end":{"line":133,"column":1}},"line":99},"4":{"name":"(anonymous_4)","decl":{"start":{"line":101,"column":64},"end":{"line":101,"column":65}},"loc":{"start":{"line":101,"column":77},"end":{"line":101,"column":124}},"line":101},"5":{"name":"(anonymous_5)","decl":{"start":{"line":110,"column":53},"end":{"line":110,"column":54}},"loc":{"start":{"line":110,"column":63},"end":{"line":110,"column":85}},"line":110},"6":{"name":"(anonymous_6)","decl":{"start":{"line":119,"column":53},"end":{"line":119,"column":54}},"loc":{"start":{"line":119,"column":63},"end":{"line":119,"column":82}},"line":119},"7":{"name":"(anonymous_7)","decl":{"start":{"line":128,"column":53},"end":{"line":128,"column":54}},"loc":{"start":{"line":128,"column":63},"end":{"line":128,"column":85}},"line":128},"8":{"name":"(anonymous_8)","decl":{"start":{"line":130,"column":39},"end":{"line":130,"column":40}},"loc":{"start":{"line":130,"column":52},"end":{"line":130,"column":95}},"line":130}},"branchMap":{"0":{"loc":{"start":{"line":26,"column":6},"end":{"line":29,"column":7}},"type":"if","locations":[{"start":{"line":26,"column":6},"end":{"line":29,"column":7}},{"start":{},"end":{}}],"line":26},"1":{"loc":{"start":{"line":26,"column":10},"end":{"line":26,"column":78}},"type":"binary-expr","locations":[{"start":{"line":26,"column":10},"end":{"line":26,"column":21}},{"start":{"line":26,"column":25},"end":{"line":26,"column":39}},{"start":{"line":26,"column":43},"end":{"line":26,"column":60}},{"start":{"line":26,"column":64},"end":{"line":26,"column":78}}],"line":26},"2":{"loc":{"start":{"line":31,"column":8},"end":{"line":38,"column":9}},"type":"if","locations":[{"start":{"line":31,"column":8},"end":{"line":38,"column":9}},{"start":{"line":35,"column":15},"end":{"line":38,"column":9}}],"line":31},"3":{"loc":{"start":{"line":42,"column":28},"end":{"line":42,"column":122}},"type":"cond-expr","locations":[{"start":{"line":42,"column":47},"end":{"line":42,"column":80}},{"start":{"line":42,"column":83},"end":{"line":42,"column":122}}],"line":42},"4":{"loc":{"start":{"line":100,"column":350},"end":{"line":100,"column":391}},"type":"cond-expr","locations":[{"start":{"line":100,"column":369},"end":{"line":100,"column":375}},{"start":{"line":100,"column":378},"end":{"line":100,"column":391}}],"line":100},"5":{"loc":{"start":{"line":101,"column":14},"end":{"line":101,"column":139}},"type":"binary-expr","locations":[{"start":{"line":101,"column":14},"end":{"line":101,"column":23}},{"start":{"line":101,"column":28},"end":{"line":101,"column":138}}],"line":101},"6":{"loc":{"start":{"line":101,"column":77},"end":{"line":101,"column":124}},"type":"binary-expr","locations":[{"start":{"line":101,"column":77},"end":{"line":101,"column":94}},{"start":{"line":101,"column":98},"end":{"line":101,"column":124}}],"line":101},"7":{"loc":{"start":{"line":102,"column":6},"end":{"line":111,"column":117}},"type":"cond-expr","locations":[{"start":{"line":102,"column":27},"end":{"line":111,"column":71}},{"start":{"line":111,"column":75},"end":{"line":111,"column":117}}],"line":102},"8":{"loc":{"start":{"line":102,"column":99},"end":{"line":105,"column":43}},"type":"binary-expr","locations":[{"start":{"line":102,"column":99},"end":{"line":102,"column":108}},{"start":{"line":102,"column":113},"end":{"line":105,"column":42}}],"line":102},"9":{"loc":{"start":{"line":110,"column":27},"end":{"line":110,"column":86}},"type":"binary-expr","locations":[{"start":{"line":110,"column":27},"end":{"line":110,"column":36}},{"start":{"line":110,"column":41},"end":{"line":110,"column":85}}],"line":110},"10":{"loc":{"start":{"line":111,"column":168},"end":{"line":114,"column":32}},"type":"binary-expr","locations":[{"start":{"line":111,"column":168},"end":{"line":111,"column":177}},{"start":{"line":111,"column":182},"end":{"line":114,"column":31}}],"line":111},"11":{"loc":{"start":{"line":119,"column":27},"end":{"line":119,"column":83}},"type":"binary-expr","locations":[{"start":{"line":119,"column":27},"end":{"line":119,"column":36}},{"start":{"line":119,"column":41},"end":{"line":119,"column":82}}],"line":119},"12":{"loc":{"start":{"line":120,"column":120},"end":{"line":123,"column":33}},"type":"binary-expr","locations":[{"start":{"line":120,"column":120},"end":{"line":120,"column":129}},{"start":{"line":120,"column":134},"end":{"line":123,"column":32}}],"line":120},"13":{"loc":{"start":{"line":128,"column":27},"end":{"line":128,"column":86}},"type":"binary-expr","locations":[{"start":{"line":128,"column":27},"end":{"line":128,"column":36}},{"start":{"line":128,"column":41},"end":{"line":128,"column":85}}],"line":128},"14":{"loc":{"start":{"line":129,"column":151},"end":{"line":129,"column":200}},"type":"cond-expr","locations":[{"start":{"line":129,"column":170},"end":{"line":129,"column":177}},{"start":{"line":129,"column":180},"end":{"line":129,"column":200}}],"line":129},"15":{"loc":{"start":{"line":129,"column":345},"end":{"line":129,"column":401}},"type":"cond-expr","locations":[{"start":{"line":129,"column":364},"end":{"line":129,"column":379}},{"start":{"line":129,"column":382},"end":{"line":129,"column":401}}],"line":129},"16":{"loc":{"start":{"line":130,"column":13},"end":{"line":130,"column":96}},"type":"binary-expr","locations":[{"start":{"line":130,"column":13},"end":{"line":130,"column":22}},{"start":{"line":130,"column":27},"end":{"line":130,"column":95}}],"line":130},"17":{"loc":{"start":{"line":130,"column":52},"end":{"line":130,"column":95}},"type":"binary-expr","locations":[{"start":{"line":130,"column":52},"end":{"line":130,"column":67}},{"start":{"line":130,"column":71},"end":{"line":130,"column":95}}],"line":130},"18":{"loc":{"start":{"line":132,"column":31},"end":{"line":132,"column":80}},"type":"cond-expr","locations":[{"start":{"line":132,"column":50},"end":{"line":132,"column":70}},{"start":{"line":132,"column":73},"end":{"line":132,"column":80}}],"line":132},"19":{"loc":{"start":{"line":132,"column":100},"end":{"line":132,"column":296}},"type":"cond-expr","locations":[{"start":{"line":132,"column":121},"end":{"line":132,"column":250}},{"start":{"line":132,"column":254},"end":{"line":132,"column":296}}],"line":132}},"s":{"0":1,"1":1,"2":1,"3":1,"4":6,"5":3,"6":3,"7":5,"8":1,"9":1,"10":4,"11":4,"12":2,"13":1,"14":2,"15":2,"16":4,"17":1,"18":1,"19":1,"20":1,"21":1,"22":1,"23":1,"24":1,"25":1,"26":1,"27":1,"28":1,"29":1,"30":1,"31":1,"32":1,"33":1,"34":18,"35":5,"36":0,"37":0,"38":0,"39":3,"40":1},"f":{"0":6,"1":3,"2":5,"3":18,"4":5,"5":0,"6":0,"7":0,"8":3},"b":{"0":[1,4],"1":[5,4,4,2],"2":[2,2],"3":[2,2],"4":[11,7],"5":[18,6],"6":[5,5],"7":[7,11],"8":[7,3],"9":[7,3],"10":[18,6],"11":[18,6],"12":[18,6],"13":[18,6],"14":[11,7],"15":[11,7],"16":[18,6],"17":[3,3],"18":[11,7],"19":[5,13]},"inputSourceMap":{"0":"{","1":"\"","2":"v","3":"e","4":"r","5":"s","6":"i","7":"o","8":"n","9":"\"","10":":","11":"3","12":",","13":"\"","14":"s","15":"o","16":"u","17":"r","18":"c","19":"e","20":"s","21":"\"","22":":","23":"[","24":"\"","25":"C","26":":","27":"\\","28":"\\","29":"U","30":"s","31":"e","32":"r","33":"s","34":"\\","35":"\\","36":"p","37":"o","38":"l","39":"i","40":"n","41":"\\","42":"\\","43":"O","44":"n","45":"e","46":"D","47":"r","48":"i","49":"v","50":"e","51":"\\","52":"\\","53":"w","54":"e","55":"b","56":"\\","57":"\\","58":"c","59":"h","60":"a","61":"t","62":"_","63":"a","64":"p","65":"p","66":"\\","67":"\\","68":"W","69":"e","70":"b","71":"C","72":"h","73":"a","74":"t","75":"\\","76":"\\","77":"f","78":"r","79":"o","80":"n","81":"t","82":"e","83":"n","84":"d","85":"\\","86":"\\","87":"s","88":"r","89":"c","90":"\\","91":"\\","92":"p","93":"a","94":"g","95":"e","96":"s","97":"\\","98":"\\","99":"A","100":"u","101":"t","102":"h","103":"P","104":"a","105":"g","106":"e","107":".","108":"v","109":"u","110":"e","111":"\"","112":"]","113":",","114":"\"","115":"n","116":"a","117":"m","118":"e","119":"s","120":"\"","121":":","122":"[","123":"]","124":",","125":"\"","126":"m","127":"a","128":"p","129":"p","130":"i","131":"n","132":"g","133":"s","134":"\"","135":":","136":"\"","137":";","138":";","139":";","140":";","141":";","142":";","143":"A","144":"A","145":"m","146":"E","147":"A","148":";","149":"A","150":"A","151":"A","152":"2","153":"D","154":",","155":"i","156":"C","157":"A","158":"E","159":"5","160":"C","161":";","162":"E","163":"A","164":"C","165":"b","166":",","167":"I","168":"A","169":"A","170":"I","171":",","172":"G","173":"A","174":"A","175":"G","176":";","177":"I","178":"A","179":"C","180":"L","181":",","182":"O","183":"A","184":"A","185":"O","186":";","187":"M","188":"A","189":"C","190":"L","191":",","192":"W","193":"A","194":"A","195":"W","196":",","197":"E","198":"A","199":"A","200":"E","201":",","202":"I","203":"A","204":"A","205":"I","206":";","207":"M","208":"A","209":"C","210":"j","211":"B","212":",","213":"Q","214":"A","215":"A","216":"Q","217":",","218":"E","219":"A","220":"A","221":"E","222":",","223":"E","224":"A","225":"A","226":"E","227":";","228":"M","229":"A","230":"C","231":"Z","232":",","233":"K","234":"A","235":"A","236":"K","237":",","238":"E","239":"A","240":"A","241":"E","242":",","243":"E","244":"A","245":"A","246":"E","247":";","248":"M","249":"A","250":"C","251":"T","252":",","253":"Q","254":"A","255":"A","256":"Q","257":",","258":"E","259":"A","260":"A","261":"E","262":",","263":"E","264":"A","265":"A","266":"E","267":";","268":"M","269":"A","270":"C","271":"Z","272":",","273":"Y","274":"A","275":"A","276":"Y","277":",","278":"E","279":"A","280":"A","281":"E","282":";","283":"I","284":"A","285":"C","286":"h","287":"B","288":",","289":"C","290":"A","291":"A","292":"C","293":";","294":"E","295":"A","296":"C","297":"H","298":",","299":"C","300":"A","301":"A","302":"C","303":";","304":"E","305":"A","306":"C","307":"D","308":",","309":"O","310":"A","311":"A","312":"O","313":",","314":"E","315":"A","316":"A","317":"E","318":";","319":"I","320":"A","321":"C","322":"P","323":";","324":"I","325":"A","326":"C","327":"A","328":",","329":"U","330":"A","331":"A","332":"U","333":",","334":"G","335":"A","336":"A","337":"G","338":";","339":"M","340":"A","341":"C","342":"X","343":",","344":"I","345":"A","346":"A","347":"I","348":",","349":"C","350":"A","351":"A","352":"C","353":",","354":"W","355":"A","356":"A","357":"W","358":",","359":"G","360":"A","361":"A","362":"G","363":",","364":"C","365":"A","366":"A","367":"C","368":",","369":"I","370":"A","371":"A","372":"I","373":",","374":"C","375":"A","376":"A","377":"C","378":",","379":"W","380":"A","381":"A","382":"W","383":";","384":"M","385":"A","386":"C","387":"p","388":"C","389":",","390":"I","391":"A","392":"A","393":"I","394":",","395":"C","396":"A","397":"A","398":"C","399":",","400":"Y","401":"A","402":"A","403":"Y","404":",","405":"G","406":"A","407":"A","408":"G","409":",","410":"E","411":"A","412":"A","413":"E","414":";","415":"I","416":"A","417":"C","418":"x","419":"B","420":",","421":"C","422":"A","423":"A","424":"C","425":";","426":"I","427":"A","428":"E","429":"D","430":";","431":"I","432":"A","433":"C","434":"A","435":",","436":"M","437":"A","438":"A","439":"M","440":",","441":"Y","442":"A","443":"A","444":"Y","445":",","446":"G","447":"A","448":"A","449":"G","450":";","451":"M","452":"A","453":"C","454":"n","455":"B","456":",","457":"I","458":"A","459":"A","460":"I","461":",","462":"C","463":"A","464":"A","465":"C","466":",","467":"I","468":"A","469":"A","470":"I","471":",","472":"C","473":"A","474":"A","475":"C","476":",","477":"K","478":"A","479":"A","480":"K","481":",","482":"I","483":"A","484":"A","485":"I","486":",","487":"C","488":"A","489":"A","490":"C","491":",","492":"I","493":"A","494":"A","495":"I","496":",","497":"C","498":"A","499":"A","500":"C","501":",","502":"Q","503":"A","504":"A","505":"Q","506":",","507":"I","508":"A","509":"A","510":"K","511":",","512":"C","513":"A","514":"A","515":"C","516":",","517":"I","518":"A","519":"A","520":"I","521":",","522":"C","523":"A","524":"A","525":"C","526":",","527":"W","528":"A","529":"A","530":"W","531":",","532":"I","533":"A","534":"A","535":"I","536":",","537":"C","538":"A","539":"A","540":"C","541":",","542":"I","543":"A","544":"A","545":"I","546":",","547":"C","548":"A","549":"A","550":"C","551":",","552":"Q","553":"A","554":"A","555":"S","556":",","557":"E","558":"A","559":"A","560":"E","561":";","562":"Q","563":"A","564":"C","565":"1","566":"E","567":",","568":"I","569":"A","570":"A","571":"I","572":",","573":"C","574":"A","575":"A","576":"C","577":",","578":"Y","579":"A","580":"A","581":"Y","582":",","583":"G","584":"A","585":"A","586":"G","587":",","588":"i","589":"C","590":"A","591":"A","592":"i","593":"C","594":";","595":"Q","596":"A","597":"C","598":"r","599":"D","600":";","601":"M","602":"A","603":"C","604":"F","605":";","606":"M","607":"A","608":"E","609":"A","610":",","611":"I","612":"A","613":"A","614":"I","615":";","616":"Q","617":"A","618":"C","619":"F","620":",","621":"I","622":"A","623":"A","624":"I","625":",","626":"I","627":"A","628":"A","629":"I","630":",","631":"C","632":"A","633":"A","634":"C","635":",","636":"W","637":"A","638":"A","639":"W","640":",","641":"E","642":"A","643":"A","644":"E","645":";","646":"U","647":"A","648":"C","649":"p","650":"B","651":";","652":"U","653":"A","654":"C","655":"A","656":",","657":"M","658":"A","659":"A","660":"M","661":",","662":"K","663":"A","664":"A","665":"K","666":",","667":"G","668":"A","669":"A","670":"G","671":",","672":"M","673":"A","674":"A","675":"M","676":",","677":"q","678":"B","679":"A","680":"A","681":"K","682":",","683":"E","684":"A","685":"A","686":"C","687":",","688":"I","689":"A","690":"A","691":"I","692":",","693":"C","694":"A","695":"A","696":"C","697":",","698":"K","699":"A","700":"A","701":"K","702":",","703":"E","704":"A","705":"A","706":"E","707":",","708":"I","709":"A","710":"A","711":"I","712":",","713":"C","714":"A","715":"A","716":"C","717":",","718":"Q","719":"A","720":"A","721":"Q","722":",","723":"C","724":"A","725":"A","726":"C","727":";","728":"U","729":"A","730":"C","731":"p","732":"D","733":",","734":"Y","735":"A","736":"A","737":"Y","738":",","739":"C","740":"A","741":"A","742":"C","743":",","744":"O","745":"A","746":"A","747":"O","748":",","749":"C","750":"A","751":"A","752":"C","753":",","754":"O","755":"A","756":"A","757":"O","758":",","759":"E","760":"A","761":"A","762":"E","763":",","764":"K","765":"A","766":"A","767":"K","768":",","769":"C","770":"A","771":"A","772":"C","773":";","774":"Q","775":"A","776":"C","777":"t","778":"C","779":",","780":"C","781":"A","782":"A","783":"C","784":",","785":"M","786":"A","787":"A","788":"M","789":";","790":"U","791":"A","792":"C","793":"L","794":";","795":"U","796":"A","797":"C","798":"A","799":",","800":"M","801":"A","802":"A","803":"M","804":",","805":"w","806":"B","807":"A","808":"A","809":"Q","810":",","811":"E","812":"A","813":"A","814":"C","815":",","816":"I","817":"A","818":"A","819":"I","820":",","821":"C","822":"A","823":"A","824":"C","825":",","826":"Q","827":"A","828":"A","829":"Q","830":",","831":"E","832":"A","833":"A","834":"E","835":",","836":"I","837":"A","838":"A","839":"I","840":",","841":"C","842":"A","843":"A","844":"C","845":",","846":"K","847":"A","848":"A","849":"K","850":",","851":"E","852":"A","853":"A","854":"E","855":",","856":"I","857":"A","858":"A","859":"I","860":",","861":"C","862":"A","863":"A","864":"C","865":",","866":"Q","867":"A","868":"A","869":"Q","870":",","871":"C","872":"A","873":"A","874":"C","875":";","876":"Q","877":"A","878":"C","879":"1","880":"D","881":";","882":"Q","883":"A","884":"C","885":"A","886":";","887":"Q","888":"A","889":"C","890":"A","891":",","892":"I","893":"A","894":"A","895":"I","896":",","897":"C","898":"A","899":"A","900":"C","901":",","902":"O","903":"A","904":"A","905":"O","906":",","907":"C","908":"A","909":"A","910":"C","911":",","912":"I","913":"A","914":"A","915":"I","916":",","917":"C","918":"A","919":"A","920":"C","921":",","922":"Q","923":"A","924":"A","925":"Q","926":",","927":"C","928":"A","929":"A","930":"C","931":";","932":"M","933":"A","934":"C","935":"7","936":"B","937":",","938":"C","939":"A","940":"A","941":"C","942":",","943":"C","944":"A","945":"A","946":"C","947":",","948":"O","949":"A","950":"A","951":"O","952":",","953":"K","954":"A","955":"A","956":"K","957":",","958":"E","959":"A","960":"A","961":"E","962":";","963":"Q","964":"A","965":"C","966":"d","967":",","968":"I","969":"A","970":"A","971":"I","972":",","973":"C","974":"A","975":"A","976":"C","977":",","978":"Y","979":"A","980":"A","981":"Y","982":",","983":"G","984":"A","985":"A","986":"G","987":",","988":"I","989":"A","990":"A","991":"I","992":",","993":"C","994":"A","995":"A","996":"C","997":",","998":"W","999":"A","1000":"A","1001":"W","1002":",","1003":"G","1004":"A","1005":"C","1006":"h","1007":"C","1008":",","1009":"i","1010":"C","1011":"A","1012":"A","1013":"i","1014":"C","1015":",","1016":"G","1017":"A","1018":"C","1019":"j","1020":"C","1021":",","1022":"u","1023":"C","1024":"A","1025":"A","1026":"u","1027":"C","1028":";","1029":"M","1030":"A","1031":"C","1032":"7","1033":"C","1034":";","1035":"I","1036":"A","1037":"C","1038":"F","1039":";","1040":"E","1041":"A","1042":"C","1043":"F","1044":";","1045":"A","1046":"A","1047":"C","1048":"F","1049":",","1050":"C","1051":"A","1052":"A","1053":"C","1054":"\"","1055":",","1056":"\"","1057":"f","1058":"i","1059":"l","1060":"e","1061":"\"","1062":":","1063":"\"","1064":"C","1065":":","1066":"\\","1067":"\\","1068":"U","1069":"s","1070":"e","1071":"r","1072":"s","1073":"\\","1074":"\\","1075":"p","1076":"o","1077":"l","1078":"i","1079":"n","1080":"\\","1081":"\\","1082":"O","1083":"n","1084":"e","1085":"D","1086":"r","1087":"i","1088":"v","1089":"e","1090":"\\","1091":"\\","1092":"w","1093":"e","1094":"b","1095":"\\","1096":"\\","1097":"c","1098":"h","1099":"a","1100":"t","1101":"_","1102":"a","1103":"p","1104":"p","1105":"\\","1106":"\\","1107":"W","1108":"e","1109":"b","1110":"C","1111":"h","1112":"a","1113":"t","1114":"\\","1115":"\\","1116":"f","1117":"r","1118":"o","1119":"n","1120":"t","1121":"e","1122":"n","1123":"d","1124":"\\","1125":"\\","1126":"s","1127":"r","1128":"c","1129":"\\","1130":"\\","1131":"p","1132":"a","1133":"g","1134":"e","1135":"s","1136":"\\","1137":"\\","1138":"A","1139":"u","1140":"t","1141":"h","1142":"P","1143":"a","1144":"g","1145":"e","1146":".","1147":"v","1148":"u","1149":"e","1150":"\"","1151":",","1152":"\"","1153":"s","1154":"o","1155":"u","1156":"r","1157":"c","1158":"e","1159":"s","1160":"C","1161":"o","1162":"n","1163":"t","1164":"e","1165":"n","1166":"t","1167":"\"","1168":":","1169":"[","1170":"\"","1171":"<","1172":"t","1173":"e","1174":"m","1175":"p","1176":"l","1177":"a","1178":"t","1179":"e","1180":">","1181":"\\","1182":"n","1183":" ","1184":" ","1185":"<","1186":"d","1187":"i","1188":"v","1189":" ","1190":"c","1191":"l","1192":"a","1193":"s","1194":"s","1195":"=","1196":"\\","1197":"\"","1198":"c","1199":"o","1200":"n","1201":"t","1202":"a","1203":"i","1204":"n","1205":"e","1206":"r","1207":"-","1208":"f","1209":"l","1210":"u","1211":"i","1212":"d","1213":" ","1214":"v","1215":"h","1216":"-","1217":"1","1218":"0","1219":"0","1220":" ","1221":"d","1222":"-","1223":"f","1224":"l","1225":"e","1226":"x","1227":" ","1228":"a","1229":"l","1230":"i","1231":"g","1232":"n","1233":"-","1234":"i","1235":"t","1236":"e","1237":"m","1238":"s","1239":"-","1240":"c","1241":"e","1242":"n","1243":"t","1244":"e","1245":"r","1246":" ","1247":"j","1248":"u","1249":"s","1250":"t","1251":"i","1252":"f","1253":"y","1254":"-","1255":"c","1256":"o","1257":"n","1258":"t","1259":"e","1260":"n","1261":"t","1262":"-","1263":"c","1264":"e","1265":"n","1266":"t","1267":"e","1268":"r","1269":"\\","1270":"\"","1271":" ","1272":"s","1273":"t","1274":"y","1275":"l","1276":"e","1277":"=","1278":"\\","1279":"\"","1280":"b","1281":"a","1282":"c","1283":"k","1284":"g","1285":"r","1286":"o","1287":"u","1288":"n","1289":"d","1290":"-","1291":"c","1292":"o","1293":"l","1294":"o","1295":"r","1296":":","1297":" ","1298":"r","1299":"g","1300":"b","1301":"a","1302":"(","1303":"2","1304":"1","1305":"2","1306":",","1307":" ","1308":"2","1309":"1","1310":"2","1311":",","1312":" ","1313":"2","1314":"1","1315":"2","1316":",","1317":" ","1318":"1","1319":")","1320":";","1321":"\\","1322":"\"","1323":">","1324":"\\","1325":"n","1326":" ","1327":" ","1328":" ","1329":" ","1330":"<","1331":"d","1332":"i","1333":"v","1334":" ","1335":"c","1336":"l","1337":"a","1338":"s","1339":"s","1340":"=","1341":"\\","1342":"\"","1343":"r","1344":"o","1345":"w","1346":" ","1347":"w","1348":"-","1349":"1","1350":"0","1351":"0","1352":" ","1353":"j","1354":"u","1355":"s","1356":"t","1357":"i","1358":"f","1359":"y","1360":"-","1361":"c","1362":"o","1363":"n","1364":"t","1365":"e","1366":"n","1367":"t","1368":"-","1369":"c","1370":"e","1371":"n","1372":"t","1373":"e","1374":"r","1375":"\\","1376":"\"","1377":">","1378":"\\","1379":"n","1380":" ","1381":" ","1382":" ","1383":" ","1384":" ","1385":" ","1386":"<","1387":"d","1388":"i","1389":"v","1390":" ","1391":"c","1392":"l","1393":"a","1394":"s","1395":"s","1396":"=","1397":"\\","1398":"\"","1399":"c","1400":"o","1401":"l","1402":"-","1403":"m","1404":"d","1405":"-","1406":"8","1407":" ","1408":"c","1409":"o","1410":"l","1411":"-","1412":"l","1413":"g","1414":"-","1415":"6","1416":"\\","1417":"\"","1418":">","1419":" ","1420":"\\","1421":"n","1422":" ","1423":" ","1424":" ","1425":" ","1426":" ","1427":" ","1428":" ","1429":" ","1430":"<","1431":"d","1432":"i","1433":"v","1434":" ","1435":"c","1436":"l","1437":"a","1438":"s","1439":"s","1440":"=","1441":"\\","1442":"\"","1443":"c","1444":"a","1445":"r","1446":"d","1447":" ","1448":"p","1449":"-","1450":"4","1451":"\\","1452":"\"","1453":">","1454":" ","1455":"\\","1456":"n","1457":" ","1458":" ","1459":" ","1460":" ","1461":" ","1462":" ","1463":" ","1464":" ","1465":" ","1466":" ","1467":"<","1468":"d","1469":"i","1470":"v","1471":" ","1472":"c","1473":"l","1474":"a","1475":"s","1476":"s","1477":"=","1478":"\\","1479":"\"","1480":"c","1481":"a","1482":"r","1483":"d","1484":"-","1485":"h","1486":"e","1487":"a","1488":"d","1489":"e","1490":"r","1491":"\\","1492":"\"","1493":">","1494":"\\","1495":"n","1496":" ","1497":" ","1498":" ","1499":" ","1500":" ","1501":" ","1502":" ","1503":" ","1504":" ","1505":" ","1506":" ","1507":" ","1508":"<","1509":"h","1510":"2","1511":" ","1512":"c","1513":"l","1514":"a","1515":"s","1516":"s","1517":"=","1518":"\\","1519":"\"","1520":"t","1521":"e","1522":"x","1523":"t","1524":"-","1525":"c","1526":"e","1527":"n","1528":"t","1529":"e","1530":"r","1531":"\\","1532":"\"","1533":">","1534":"{","1535":"{","1536":" ","1537":"i","1538":"s","1539":"L","1540":"o","1541":"g","1542":"i","1543":"n","1544":"M","1545":"o","1546":"d","1547":"e","1548":" ","1549":"?","1550":" ","1551":"'","1552":"В","1553":"х","1554":"о","1555":"д","1556":"'","1557":" ","1558":":","1559":" ","1560":"'","1561":"Р","1562":"е","1563":"г","1564":"и","1565":"с","1566":"т","1567":"р","1568":"а","1569":"ц","1570":"и","1571":"я","1572":"'","1573":" ","1574":"}","1575":"}","1576":"<","1577":"/","1578":"h","1579":"2","1580":">","1581":"\\","1582":"n","1583":" ","1584":" ","1585":" ","1586":" ","1587":" ","1588":" ","1589":" ","1590":" ","1591":" ","1592":" ","1593":"<","1594":"/","1595":"d","1596":"i","1597":"v","1598":">","1599":"\\","1600":"n","1601":" ","1602":" ","1603":" ","1604":" ","1605":" ","1606":" ","1607":" ","1608":" ","1609":" ","1610":" ","1611":"<","1612":"d","1613":"i","1614":"v","1615":" ","1616":"c","1617":"l","1618":"a","1619":"s","1620":"s","1621":"=","1622":"\\","1623":"\"","1624":"c","1625":"a","1626":"r","1627":"d","1628":"-","1629":"b","1630":"o","1631":"d","1632":"y","1633":"\\","1634":"\"","1635":">","1636":"\\","1637":"n","1638":" ","1639":" ","1640":" ","1641":" ","1642":" ","1643":" ","1644":" ","1645":" ","1646":" ","1647":" ","1648":" ","1649":" ","1650":"<","1651":"f","1652":"o","1653":"r","1654":"m","1655":" ","1656":"@","1657":"s","1658":"u","1659":"b","1660":"m","1661":"i","1662":"t","1663":".","1664":"p","1665":"r","1666":"e","1667":"v","1668":"e","1669":"n","1670":"t","1671":"=","1672":"\\","1673":"\"","1674":"h","1675":"a","1676":"n","1677":"d","1678":"l","1679":"e","1680":"S","1681":"u","1682":"b","1683":"m","1684":"i","1685":"t","1686":"\\","1687":"\"","1688":">","1689":"\\","1690":"n","1691":" ","1692":" ","1693":" ","1694":" ","1695":" ","1696":" ","1697":" ","1698":" ","1699":" ","1700":" ","1701":" ","1702":" ","1703":" ","1704":" ","1705":"\\","1706":"n","1707":" ","1708":" ","1709":" ","1710":" ","1711":" ","1712":" ","1713":" ","1714":" ","1715":" ","1716":" ","1717":" ","1718":" ","1719":" ","1720":" ","1721":"<","1722":"d","1723":"i","1724":"v","1725":" ","1726":"v","1727":"-","1728":"i","1729":"f","1730":"=","1731":"\\","1732":"\"","1733":"!","1734":"i","1735":"s","1736":"L","1737":"o","1738":"g","1739":"i","1740":"n","1741":"M","1742":"o","1743":"d","1744":"e","1745":"\\","1746":"\"","1747":" ","1748":"c","1749":"l","1750":"a","1751":"s","1752":"s","1753":"=","1754":"\\","1755":"\"","1756":"m","1757":"b","1758":"-","1759":"3","1760":"\\","1761":"\"","1762":">","1763":"\\","1764":"n","1765":" ","1766":" ","1767":" ","1768":" ","1769":" ","1770":" ","1771":" ","1772":" ","1773":" ","1774":" ","1775":" ","1776":" ","1777":" ","1778":" ","1779":" ","1780":" ","1781":"<","1782":"l","1783":"a","1784":"b","1785":"e","1786":"l","1787":" ","1788":"f","1789":"o","1790":"r","1791":"=","1792":"\\","1793":"\"","1794":"u","1795":"s","1796":"e","1797":"r","1798":"n","1799":"a","1800":"m","1801":"e","1802":"\\","1803":"\"","1804":" ","1805":"c","1806":"l","1807":"a","1808":"s","1809":"s","1810":"=","1811":"\\","1812":"\"","1813":"f","1814":"o","1815":"r","1816":"m","1817":"-","1818":"l","1819":"a","1820":"b","1821":"e","1822":"l","1823":"\\","1824":"\"","1825":">","1826":"И","1827":"м","1828":"я","1829":" ","1830":"п","1831":"о","1832":"л","1833":"ь","1834":"з","1835":"о","1836":"в","1837":"а","1838":"т","1839":"е","1840":"л","1841":"я","1842":"<","1843":"/","1844":"l","1845":"a","1846":"b","1847":"e","1848":"l","1849":">","1850":"\\","1851":"n","1852":" ","1853":" ","1854":" ","1855":" ","1856":" ","1857":" ","1858":" ","1859":" ","1860":" ","1861":" ","1862":" ","1863":" ","1864":" ","1865":" ","1866":" ","1867":" ","1868":"<","1869":"i","1870":"n","1871":"p","1872":"u","1873":"t","1874":"\\","1875":"n","1876":" ","1877":" ","1878":" ","1879":" ","1880":" ","1881":" ","1882":" ","1883":" ","1884":" ","1885":" ","1886":" ","1887":" ","1888":" ","1889":" ","1890":" ","1891":" ","1892":" ","1893":" ","1894":"t","1895":"y","1896":"p","1897":"e","1898":"=","1899":"\\","1900":"\"","1901":"t","1902":"e","1903":"x","1904":"t","1905":"\\","1906":"\"","1907":"\\","1908":"n","1909":" ","1910":" ","1911":" ","1912":" ","1913":" ","1914":" ","1915":" ","1916":" ","1917":" ","1918":" ","1919":" ","1920":" ","1921":" ","1922":" ","1923":" ","1924":" ","1925":" ","1926":" ","1927":"c","1928":"l","1929":"a","1930":"s","1931":"s","1932":"=","1933":"\\","1934":"\"","1935":"f","1936":"o","1937":"r","1938":"m","1939":"-","1940":"c","1941":"o","1942":"n","1943":"t","1944":"r","1945":"o","1946":"l","1947":"\\","1948":"\"","1949":"\\","1950":"n","1951":" ","1952":" ","1953":" ","1954":" ","1955":" ","1956":" ","1957":" ","1958":" ","1959":" ","1960":" ","1961":" ","1962":" ","1963":" ","1964":" ","1965":" ","1966":" ","1967":" ","1968":" ","1969":"i","1970":"d","1971":"=","1972":"\\","1973":"\"","1974":"u","1975":"s","1976":"e","1977":"r","1978":"n","1979":"a","1980":"m","1981":"e","1982":"\\","1983":"\"","1984":"\\","1985":"n","1986":" ","1987":" ","1988":" ","1989":" ","1990":" ","1991":" ","1992":" ","1993":" ","1994":" ","1995":" ","1996":" ","1997":" ","1998":" ","1999":" ","2000":" ","2001":" ","2002":" ","2003":" ","2004":"p","2005":"l","2006":"a","2007":"c","2008":"e","2009":"h","2010":"o","2011":"l","2012":"d","2013":"e","2014":"r","2015":"=","2016":"\\","2017":"\"","2018":"В","2019":"в","2020":"е","2021":"д","2022":"и","2023":"т","2024":"е","2025":" ","2026":"и","2027":"м","2028":"я","2029":" ","2030":"п","2031":"о","2032":"л","2033":"ь","2034":"з","2035":"о","2036":"в","2037":"а","2038":"т","2039":"е","2040":"л","2041":"я","2042":"\\","2043":"\"","2044":"\\","2045":"n","2046":" ","2047":" ","2048":" ","2049":" ","2050":" ","2051":" ","2052":" ","2053":" ","2054":" ","2055":" ","2056":" ","2057":" ","2058":" ","2059":" ","2060":" ","2061":" ","2062":" ","2063":" ","2064":"v","2065":"-","2066":"m","2067":"o","2068":"d","2069":"e","2070":"l","2071":"=","2072":"\\","2073":"\"","2074":"u","2075":"s","2076":"e","2077":"r","2078":"n","2079":"a","2080":"m","2081":"e","2082":"\\","2083":"\"","2084":"\\","2085":"n","2086":" ","2087":" ","2088":" ","2089":" ","2090":" ","2091":" ","2092":" ","2093":" ","2094":" ","2095":" ","2096":" ","2097":" ","2098":" ","2099":" ","2100":" ","2101":" ","2102":"/","2103":">","2104":"\\","2105":"n","2106":" ","2107":" ","2108":" ","2109":" ","2110":" ","2111":" ","2112":" ","2113":" ","2114":" ","2115":" ","2116":" ","2117":" ","2118":" ","2119":" ","2120":"<","2121":"/","2122":"d","2123":"i","2124":"v","2125":">","2126":"\\","2127":"n","2128":" ","2129":" ","2130":" ","2131":" ","2132":" ","2133":" ","2134":" ","2135":" ","2136":" ","2137":" ","2138":" ","2139":" ","2140":" ","2141":" ","2142":"\\","2143":"n","2144":" ","2145":" ","2146":" ","2147":" ","2148":" ","2149":" ","2150":" ","2151":" ","2152":" ","2153":" ","2154":" ","2155":" ","2156":" ","2157":" ","2158":"<","2159":"d","2160":"i","2161":"v","2162":" ","2163":"c","2164":"l","2165":"a","2166":"s","2167":"s","2168":"=","2169":"\\","2170":"\"","2171":"m","2172":"b","2173":"-","2174":"3","2175":"\\","2176":"\"","2177":">","2178":"\\","2179":"n","2180":" ","2181":" ","2182":" ","2183":" ","2184":" ","2185":" ","2186":" ","2187":" ","2188":" ","2189":" ","2190":" ","2191":" ","2192":" ","2193":" ","2194":" ","2195":" ","2196":"<","2197":"l","2198":"a","2199":"b","2200":"e","2201":"l","2202":" ","2203":"f","2204":"o","2205":"r","2206":"=","2207":"\\","2208":"\"","2209":"e","2210":"m","2211":"a","2212":"i","2213":"l","2214":"\\","2215":"\"","2216":" ","2217":"c","2218":"l","2219":"a","2220":"s","2221":"s","2222":"=","2223":"\\","2224":"\"","2225":"f","2226":"o","2227":"r","2228":"m","2229":"-","2230":"l","2231":"a","2232":"b","2233":"e","2234":"l","2235":"\\","2236":"\"","2237":">","2238":"E","2239":"m","2240":"a","2241":"i","2242":"l","2243":"<","2244":"/","2245":"l","2246":"a","2247":"b","2248":"e","2249":"l","2250":">","2251":"\\","2252":"n","2253":" ","2254":" ","2255":" ","2256":" ","2257":" ","2258":" ","2259":" ","2260":" ","2261":" ","2262":" ","2263":" ","2264":" ","2265":" ","2266":" ","2267":" ","2268":" ","2269":"<","2270":"i","2271":"n","2272":"p","2273":"u","2274":"t","2275":"\\","2276":"n","2277":" ","2278":" ","2279":" ","2280":" ","2281":" ","2282":" ","2283":" ","2284":" ","2285":" ","2286":" ","2287":" ","2288":" ","2289":" ","2290":" ","2291":" ","2292":" ","2293":" ","2294":" ","2295":"t","2296":"y","2297":"p","2298":"e","2299":"=","2300":"\\","2301":"\"","2302":"e","2303":"m","2304":"a","2305":"i","2306":"l","2307":"\\","2308":"\"","2309":"\\","2310":"n","2311":" ","2312":" ","2313":" ","2314":" ","2315":" ","2316":" ","2317":" ","2318":" ","2319":" ","2320":" ","2321":" ","2322":" ","2323":" ","2324":" ","2325":" ","2326":" ","2327":" ","2328":" ","2329":"c","2330":"l","2331":"a","2332":"s","2333":"s","2334":"=","2335":"\\","2336":"\"","2337":"f","2338":"o","2339":"r","2340":"m","2341":"-","2342":"c","2343":"o","2344":"n","2345":"t","2346":"r","2347":"o","2348":"l","2349":"\\","2350":"\"","2351":"\\","2352":"n","2353":" ","2354":" ","2355":" ","2356":" ","2357":" ","2358":" ","2359":" ","2360":" ","2361":" ","2362":" ","2363":" ","2364":" ","2365":" ","2366":" ","2367":" ","2368":" ","2369":" ","2370":" ","2371":"i","2372":"d","2373":"=","2374":"\\","2375":"\"","2376":"e","2377":"m","2378":"a","2379":"i","2380":"l","2381":"\\","2382":"\"","2383":"\\","2384":"n","2385":" ","2386":" ","2387":" ","2388":" ","2389":" ","2390":" ","2391":" ","2392":" ","2393":" ","2394":" ","2395":" ","2396":" ","2397":" ","2398":" ","2399":" ","2400":" ","2401":" ","2402":" ","2403":"p","2404":"l","2405":"a","2406":"c","2407":"e","2408":"h","2409":"o","2410":"l","2411":"d","2412":"e","2413":"r","2414":"=","2415":"\\","2416":"\"","2417":"В","2418":"в","2419":"е","2420":"д","2421":"и","2422":"т","2423":"е","2424":" ","2425":"e","2426":"m","2427":"a","2428":"i","2429":"l","2430":"\\","2431":"\"","2432":"\\","2433":"n","2434":" ","2435":" ","2436":" ","2437":" ","2438":" ","2439":" ","2440":" ","2441":" ","2442":" ","2443":" ","2444":" ","2445":" ","2446":" ","2447":" ","2448":" ","2449":" ","2450":" ","2451":" ","2452":"v","2453":"-","2454":"m","2455":"o","2456":"d","2457":"e","2458":"l","2459":"=","2460":"\\","2461":"\"","2462":"e","2463":"m","2464":"a","2465":"i","2466":"l","2467":"\\","2468":"\"","2469":"\\","2470":"n","2471":" ","2472":" ","2473":" ","2474":" ","2475":" ","2476":" ","2477":" ","2478":" ","2479":" ","2480":" ","2481":" ","2482":" ","2483":" ","2484":" ","2485":" ","2486":" ","2487":"/","2488":">","2489":"\\","2490":"n","2491":" ","2492":" ","2493":" ","2494":" ","2495":" ","2496":" ","2497":" ","2498":" ","2499":" ","2500":" ","2501":" ","2502":" ","2503":" ","2504":" ","2505":"<","2506":"/","2507":"d","2508":"i","2509":"v","2510":">","2511":"\\","2512":"n","2513":" ","2514":" ","2515":" ","2516":" ","2517":" ","2518":" ","2519":" ","2520":" ","2521":" ","2522":" ","2523":" ","2524":" ","2525":" ","2526":" ","2527":"\\","2528":"n","2529":" ","2530":" ","2531":" ","2532":" ","2533":" ","2534":" ","2535":" ","2536":" ","2537":" ","2538":" ","2539":" ","2540":" ","2541":" ","2542":" ","2543":"<","2544":"d","2545":"i","2546":"v","2547":" ","2548":"c","2549":"l","2550":"a","2551":"s","2552":"s","2553":"=","2554":"\\","2555":"\"","2556":"m","2557":"b","2558":"-","2559":"3","2560":"\\","2561":"\"","2562":">","2563":"\\","2564":"n","2565":" ","2566":" ","2567":" ","2568":" ","2569":" ","2570":" ","2571":" ","2572":" ","2573":" ","2574":" ","2575":" ","2576":" ","2577":" ","2578":" ","2579":" ","2580":" ","2581":"<","2582":"l","2583":"a","2584":"b","2585":"e","2586":"l","2587":" ","2588":"f","2589":"o","2590":"r","2591":"=","2592":"\\","2593":"\"","2594":"p","2595":"a","2596":"s","2597":"s","2598":"w","2599":"o","2600":"r","2601":"d","2602":"\\","2603":"\"","2604":" ","2605":"c","2606":"l","2607":"a","2608":"s","2609":"s","2610":"=","2611":"\\","2612":"\"","2613":"f","2614":"o","2615":"r","2616":"m","2617":"-","2618":"l","2619":"a","2620":"b","2621":"e","2622":"l","2623":"\\","2624":"\"","2625":">","2626":"П","2627":"а","2628":"р","2629":"о","2630":"л","2631":"ь","2632":"<","2633":"/","2634":"l","2635":"a","2636":"b","2637":"e","2638":"l","2639":">","2640":"\\","2641":"n","2642":" ","2643":" ","2644":" ","2645":" ","2646":" ","2647":" ","2648":" ","2649":" ","2650":" ","2651":" ","2652":" ","2653":" ","2654":" ","2655":" ","2656":" ","2657":" ","2658":"<","2659":"i","2660":"n","2661":"p","2662":"u","2663":"t","2664":"\\","2665":"n","2666":" ","2667":" ","2668":" ","2669":" ","2670":" ","2671":" ","2672":" ","2673":" ","2674":" ","2675":" ","2676":" ","2677":" ","2678":" ","2679":" ","2680":" ","2681":" ","2682":" ","2683":" ","2684":"t","2685":"y","2686":"p","2687":"e","2688":"=","2689":"\\","2690":"\"","2691":"p","2692":"a","2693":"s","2694":"s","2695":"w","2696":"o","2697":"r","2698":"d","2699":"\\","2700":"\"","2701":"\\","2702":"n","2703":" ","2704":" ","2705":" ","2706":" ","2707":" ","2708":" ","2709":" ","2710":" ","2711":" ","2712":" ","2713":" ","2714":" ","2715":" ","2716":" ","2717":" ","2718":" ","2719":" ","2720":" ","2721":"c","2722":"l","2723":"a","2724":"s","2725":"s","2726":"=","2727":"\\","2728":"\"","2729":"f","2730":"o","2731":"r","2732":"m","2733":"-","2734":"c","2735":"o","2736":"n","2737":"t","2738":"r","2739":"o","2740":"l","2741":"\\","2742":"\"","2743":"\\","2744":"n","2745":" ","2746":" ","2747":" ","2748":" ","2749":" ","2750":" ","2751":" ","2752":" ","2753":" ","2754":" ","2755":" ","2756":" ","2757":" ","2758":" ","2759":" ","2760":" ","2761":" ","2762":" ","2763":"i","2764":"d","2765":"=","2766":"\\","2767":"\"","2768":"p","2769":"a","2770":"s","2771":"s","2772":"w","2773":"o","2774":"r","2775":"d","2776":"\\","2777":"\"","2778":"\\","2779":"n","2780":" ","2781":" ","2782":" ","2783":" ","2784":" ","2785":" ","2786":" ","2787":" ","2788":" ","2789":" ","2790":" ","2791":" ","2792":" ","2793":" ","2794":" ","2795":" ","2796":" ","2797":" ","2798":"p","2799":"l","2800":"a","2801":"c","2802":"e","2803":"h","2804":"o","2805":"l","2806":"d","2807":"e","2808":"r","2809":"=","2810":"\\","2811":"\"","2812":"В","2813":"в","2814":"е","2815":"д","2816":"и","2817":"т","2818":"е","2819":" ","2820":"п","2821":"а","2822":"р","2823":"о","2824":"л","2825":"ь","2826":"\\","2827":"\"","2828":"\\","2829":"n","2830":" ","2831":" ","2832":" ","2833":" ","2834":" ","2835":" ","2836":" ","2837":" ","2838":" ","2839":" ","2840":" ","2841":" ","2842":" ","2843":" ","2844":" ","2845":" ","2846":" ","2847":" ","2848":"v","2849":"-","2850":"m","2851":"o","2852":"d","2853":"e","2854":"l","2855":"=","2856":"\\","2857":"\"","2858":"p","2859":"a","2860":"s","2861":"s","2862":"w","2863":"o","2864":"r","2865":"d","2866":"\\","2867":"\"","2868":"\\","2869":"n","2870":" ","2871":" ","2872":" ","2873":" ","2874":" ","2875":" ","2876":" ","2877":" ","2878":" ","2879":" ","2880":" ","2881":" ","2882":" ","2883":" ","2884":" ","2885":" ","2886":"/","2887":">","2888":"\\","2889":"n","2890":" ","2891":" ","2892":" ","2893":" ","2894":" ","2895":" ","2896":" ","2897":" ","2898":" ","2899":" ","2900":" ","2901":" ","2902":" ","2903":" ","2904":"<","2905":"/","2906":"d","2907":"i","2908":"v","2909":">","2910":"\\","2911":"n","2912":" ","2913":" ","2914":" ","2915":" ","2916":" ","2917":" ","2918":" ","2919":" ","2920":" ","2921":" ","2922":" ","2923":" ","2924":" ","2925":" ","2926":"\\","2927":"n","2928":" ","2929":" ","2930":" ","2931":" ","2932":" ","2933":" ","2934":" ","2935":" ","2936":" ","2937":" ","2938":" ","2939":" ","2940":" ","2941":" ","2942":"<","2943":"b","2944":"u","2945":"t","2946":"t","2947":"o","2948":"n","2949":" ","2950":"t","2951":"y","2952":"p","2953":"e","2954":"=","2955":"\\","2956":"\"","2957":"s","2958":"u","2959":"b","2960":"m","2961":"i","2962":"t","2963":"\\","2964":"\"","2965":" ","2966":"c","2967":"l","2968":"a","2969":"s","2970":"s","2971":"=","2972":"\\","2973":"\"","2974":"b","2975":"t","2976":"n","2977":" ","2978":"b","2979":"t","2980":"n","2981":"-","2982":"c","2983":"u","2984":"s","2985":"t","2986":"o","2987":"m","2988":" ","2989":"w","2990":"-","2991":"1","2992":"0","2993":"0","2994":"\\","2995":"\"","2996":">","2997":"\\","2998":"n","2999":" ","3000":" ","3001":" ","3002":" ","3003":" ","3004":" ","3005":" ","3006":" ","3007":" ","3008":" ","3009":" ","3010":" ","3011":" ","3012":" ","3013":" ","3014":" ","3015":"{","3016":"{","3017":" ","3018":"i","3019":"s","3020":"L","3021":"o","3022":"g","3023":"i","3024":"n","3025":"M","3026":"o","3027":"d","3028":"e","3029":" ","3030":"?","3031":" ","3032":"'","3033":"В","3034":"о","3035":"й","3036":"т","3037":"и","3038":"'","3039":" ","3040":":","3041":" ","3042":"'","3043":"З","3044":"а","3045":"р","3046":"е","3047":"г","3048":"и","3049":"с","3050":"т","3051":"р","3052":"и","3053":"р","3054":"о","3055":"в","3056":"а","3057":"т","3058":"ь","3059":"с","3060":"я","3061":"'","3062":" ","3063":"}","3064":"}","3065":"\\","3066":"n","3067":" ","3068":" ","3069":" ","3070":" ","3071":" ","3072":" ","3073":" ","3074":" ","3075":" ","3076":" ","3077":" ","3078":" ","3079":" ","3080":" ","3081":"<","3082":"/","3083":"b","3084":"u","3085":"t","3086":"t","3087":"o","3088":"n","3089":">","3090":"\\","3091":"n","3092":" ","3093":" ","3094":" ","3095":" ","3096":" ","3097":" ","3098":" ","3099":" ","3100":" ","3101":" ","3102":" ","3103":" ","3104":"<","3105":"/","3106":"f","3107":"o","3108":"r","3109":"m","3110":">","3111":"\\","3112":"n","3113":"\\","3114":"n","3115":" ","3116":" ","3117":" ","3118":" ","3119":" ","3120":" ","3121":" ","3122":" ","3123":" ","3124":" ","3125":" ","3126":" ","3127":"\\","3128":"n","3129":" ","3130":" ","3131":" ","3132":" ","3133":" ","3134":" ","3135":" ","3136":" ","3137":" ","3138":" ","3139":" ","3140":" ","3141":"<","3142":"p","3143":" ","3144":"c","3145":"l","3146":"a","3147":"s","3148":"s","3149":"=","3150":"\\","3151":"\"","3152":"t","3153":"e","3154":"x","3155":"t","3156":"-","3157":"c","3158":"e","3159":"n","3160":"t","3161":"e","3162":"r","3163":" ","3164":"m","3165":"t","3166":"-","3167":"3","3168":"\\","3169":"\"","3170":">","3171":"\\","3172":"n","3173":" ","3174":" ","3175":" ","3176":" ","3177":" ","3178":" ","3179":" ","3180":" ","3181":" ","3182":" ","3183":" ","3184":" ","3185":" ","3186":" ","3187":"{","3188":"{","3189":" ","3190":"i","3191":"s","3192":"L","3193":"o","3194":"g","3195":"i","3196":"n","3197":"M","3198":"o","3199":"d","3200":"e","3201":" ","3202":"?","3203":" ","3204":"\\","3205":"\"","3206":"Н","3207":"е","3208":"т","3209":" ","3210":"а","3211":"к","3212":"к","3213":"а","3214":"у","3215":"н","3216":"т","3217":"а","3218":"?","3219":"\\","3220":"\"","3221":" ","3222":":","3223":" ","3224":"'","3225":"У","3226":"ж","3227":"е","3228":" ","3229":"е","3230":"с","3231":"т","3232":"ь","3233":" ","3234":"а","3235":"к","3236":"к","3237":"а","3238":"у","3239":"н","3240":"т","3241":"?","3242":"'","3243":" ","3244":"}","3245":"}","3246":"\\","3247":"n","3248":" ","3249":" ","3250":" ","3251":" ","3252":" ","3253":" ","3254":" ","3255":" ","3256":" ","3257":" ","3258":" ","3259":" ","3260":" ","3261":" ","3262":"<","3263":"b","3264":"u","3265":"t","3266":"t","3267":"o","3268":"n","3269":" ","3270":"@","3271":"c","3272":"l","3273":"i","3274":"c","3275":"k","3276":"=","3277":"\\","3278":"\"","3279":"t","3280":"o","3281":"g","3282":"g","3283":"l","3284":"e","3285":"M","3286":"o","3287":"d","3288":"e","3289":"\\","3290":"\"","3291":" ","3292":"c","3293":"l","3294":"a","3295":"s","3296":"s","3297":"=","3298":"\\","3299":"\"","3300":"b","3301":"t","3302":"n","3303":" ","3304":"b","3305":"t","3306":"n","3307":"-","3308":"l","3309":"i","3310":"n","3311":"k","3312":"\\","3313":"\"","3314":">","3315":"\\","3316":"n","3317":" ","3318":" ","3319":" ","3320":" ","3321":" ","3322":" ","3323":" ","3324":" ","3325":" ","3326":" ","3327":" ","3328":" ","3329":" ","3330":" ","3331":" ","3332":" ","3333":"{","3334":"{","3335":" ","3336":"i","3337":"s","3338":"L","3339":"o","3340":"g","3341":"i","3342":"n","3343":"M","3344":"o","3345":"d","3346":"e","3347":" ","3348":"?","3349":" ","3350":"'","3351":"З","3352":"а","3353":"р","3354":"е","3355":"г","3356":"и","3357":"с","3358":"т","3359":"р","3360":"и","3361":"р","3362":"о","3363":"в","3364":"а","3365":"т","3366":"ь","3367":"с","3368":"я","3369":"'","3370":" ","3371":":","3372":" ","3373":"'","3374":"В","3375":"о","3376":"й","3377":"т","3378":"и","3379":"'","3380":" ","3381":"}","3382":"}","3383":"\\","3384":"n","3385":" ","3386":" ","3387":" ","3388":" ","3389":" ","3390":" ","3391":" ","3392":" ","3393":" ","3394":" ","3395":" ","3396":" ","3397":" ","3398":" ","3399":"<","3400":"/","3401":"b","3402":"u","3403":"t","3404":"t","3405":"o","3406":"n","3407":">","3408":"\\","3409":"n","3410":" ","3411":" ","3412":" ","3413":" ","3414":" ","3415":" ","3416":" ","3417":" ","3418":" ","3419":" ","3420":" ","3421":" ","3422":"<","3423":"/","3424":"p","3425":">","3426":"\\","3427":"n","3428":"\\","3429":"n","3430":" ","3431":" ","3432":" ","3433":" ","3434":" ","3435":" ","3436":" ","3437":" ","3438":" ","3439":" ","3440":" ","3441":"\\","3442":"n","3443":" ","3444":" ","3445":" ","3446":" ","3447":" ","3448":" ","3449":" ","3450":" ","3451":" ","3452":" ","3453":" ","3454":" ","3455":"<","3456":"p","3457":" ","3458":"v","3459":"-","3460":"i","3461":"f","3462":"=","3463":"\\","3464":"\"","3465":"e","3466":"r","3467":"r","3468":"o","3469":"r","3470":"M","3471":"e","3472":"s","3473":"s","3474":"a","3475":"g","3476":"e","3477":"\\","3478":"\"","3479":" ","3480":"c","3481":"l","3482":"a","3483":"s","3484":"s","3485":"=","3486":"\\","3487":"\"","3488":"t","3489":"e","3490":"x","3491":"t","3492":"-","3493":"d","3494":"a","3495":"n","3496":"g","3497":"e","3498":"r","3499":" ","3500":"t","3501":"e","3502":"x","3503":"t","3504":"-","3505":"c","3506":"e","3507":"n","3508":"t","3509":"e","3510":"r","3511":"\\","3512":"\"","3513":">","3514":"{","3515":"{","3516":" ","3517":"e","3518":"r","3519":"r","3520":"o","3521":"r","3522":"M","3523":"e","3524":"s","3525":"s","3526":"a","3527":"g","3528":"e","3529":" ","3530":"}","3531":"}","3532":"<","3533":"/","3534":"p","3535":">","3536":"\\","3537":"n","3538":" ","3539":" ","3540":" ","3541":" ","3542":" ","3543":" ","3544":" ","3545":" ","3546":" ","3547":" ","3548":"<","3549":"/","3550":"d","3551":"i","3552":"v","3553":">","3554":"\\","3555":"n","3556":" ","3557":" ","3558":" ","3559":" ","3560":" ","3561":" ","3562":" ","3563":" ","3564":"<","3565":"/","3566":"d","3567":"i","3568":"v","3569":">","3570":"\\","3571":"n","3572":" ","3573":" ","3574":" ","3575":" ","3576":" ","3577":" ","3578":"<","3579":"/","3580":"d","3581":"i","3582":"v","3583":">","3584":"\\","3585":"n","3586":" ","3587":" ","3588":" ","3589":" ","3590":"<","3591":"/","3592":"d","3593":"i","3594":"v","3595":">","3596":"\\","3597":"n","3598":" ","3599":" ","3600":"<","3601":"/","3602":"d","3603":"i","3604":"v","3605":">","3606":"\\","3607":"n","3608":"<","3609":"/","3610":"t","3611":"e","3612":"m","3613":"p","3614":"l","3615":"a","3616":"t","3617":"e","3618":">","3619":"\\","3620":"n","3621":"\\","3622":"n","3623":"<","3624":"s","3625":"c","3626":"r","3627":"i","3628":"p","3629":"t","3630":">","3631":"\\","3632":"n","3633":"i","3634":"m","3635":"p","3636":"o","3637":"r","3638":"t","3639":" ","3640":"{","3641":" ","3642":"l","3643":"o","3644":"g","3645":"i","3646":"n","3647":",","3648":" ","3649":"r","3650":"e","3651":"g","3652":"i","3653":"s","3654":"t","3655":"e","3656":"r","3657":" ","3658":"}","3659":" ","3660":"f","3661":"r","3662":"o","3663":"m","3664":" ","3665":"'","3666":".","3667":".","3668":"/","3669":"s","3670":"h","3671":"a","3672":"r","3673":"e","3674":"d","3675":"/","3676":"a","3677":"p","3678":"i","3679":"/","3680":"h","3681":"t","3682":"t","3683":"p","3684":"C","3685":"l","3686":"i","3687":"e","3688":"n","3689":"t","3690":"'","3691":";","3692":" ","3693":"\\","3694":"n","3695":"\\","3696":"n","3697":"e","3698":"x","3699":"p","3700":"o","3701":"r","3702":"t","3703":" ","3704":"d","3705":"e","3706":"f","3707":"a","3708":"u","3709":"l","3710":"t","3711":" ","3712":"{","3713":"\\","3714":"n","3715":" ","3716":" ","3717":"d","3718":"a","3719":"t","3720":"a","3721":"(","3722":")","3723":" ","3724":"{","3725":"\\","3726":"n","3727":" ","3728":" ","3729":" ","3730":" ","3731":"r","3732":"e","3733":"t","3734":"u","3735":"r","3736":"n","3737":" ","3738":"{","3739":"\\","3740":"n","3741":" ","3742":" ","3743":" ","3744":" ","3745":" ","3746":" ","3747":"i","3748":"s","3749":"L","3750":"o","3751":"g","3752":"i","3753":"n","3754":"M","3755":"o","3756":"d","3757":"e","3758":":","3759":" ","3760":"t","3761":"r","3762":"u","3763":"e","3764":",","3765":" ","3766":"\\","3767":"n","3768":" ","3769":" ","3770":" ","3771":" ","3772":" ","3773":" ","3774":"u","3775":"s","3776":"e","3777":"r","3778":"n","3779":"a","3780":"m","3781":"e","3782":":","3783":" ","3784":"'","3785":"'","3786":",","3787":" ","3788":" ","3789":" ","3790":" ","3791":" ","3792":" ","3793":" ","3794":"\\","3795":"n","3796":" ","3797":" ","3798":" ","3799":" ","3800":" ","3801":" ","3802":"e","3803":"m","3804":"a","3805":"i","3806":"l","3807":":","3808":" ","3809":"'","3810":"'","3811":",","3812":" ","3813":" ","3814":" ","3815":" ","3816":" ","3817":" ","3818":" ","3819":" ","3820":" ","3821":" ","3822":"\\","3823":"n","3824":" ","3825":" ","3826":" ","3827":" ","3828":" ","3829":" ","3830":"p","3831":"a","3832":"s","3833":"s","3834":"w","3835":"o","3836":"r","3837":"d","3838":":","3839":" ","3840":"'","3841":"'","3842":",","3843":" ","3844":" ","3845":" ","3846":" ","3847":" ","3848":" ","3849":"\\","3850":"n","3851":" ","3852":" ","3853":" ","3854":" ","3855":" ","3856":" ","3857":"e","3858":"r","3859":"r","3860":"o","3861":"r","3862":"M","3863":"e","3864":"s","3865":"s","3866":"a","3867":"g","3868":"e","3869":":","3870":" ","3871":"'","3872":"'","3873":",","3874":" ","3875":" ","3876":" ","3877":"\\","3878":"n","3879":" ","3880":" ","3881":" ","3882":" ","3883":"}","3884":";","3885":"\\","3886":"n","3887":" ","3888":" ","3889":"}","3890":",","3891":"\\","3892":"n","3893":" ","3894":" ","3895":"m","3896":"e","3897":"t","3898":"h","3899":"o","3900":"d","3901":"s","3902":":","3903":" ","3904":"{","3905":"\\","3906":"n","3907":" ","3908":" ","3909":" ","3910":" ","3911":"/","3912":"/","3913":" ","3914":"П","3915":"е","3916":"р","3917":"е","3918":"к","3919":"л","3920":"ю","3921":"ч","3922":"е","3923":"н","3924":"и","3925":"е","3926":" ","3927":"м","3928":"е","3929":"ж","3930":"д","3931":"у","3932":" ","3933":"р","3934":"е","3935":"ж","3936":"и","3937":"м","3938":"а","3939":"м","3940":"и","3941":" ","3942":"в","3943":"х","3944":"о","3945":"д","3946":"а","3947":" ","3948":"и","3949":" ","3950":"р","3951":"е","3952":"г","3953":"и","3954":"с","3955":"т","3956":"р","3957":"а","3958":"ц","3959":"и","3960":"и","3961":"\\","3962":"n","3963":" ","3964":" ","3965":" ","3966":" ","3967":"t","3968":"o","3969":"g","3970":"g","3971":"l","3972":"e","3973":"M","3974":"o","3975":"d","3976":"e","3977":"(","3978":")","3979":" ","3980":"{","3981":"\\","3982":"n","3983":" ","3984":" ","3985":" ","3986":" ","3987":" ","3988":" ","3989":"t","3990":"h","3991":"i","3992":"s","3993":".","3994":"i","3995":"s","3996":"L","3997":"o","3998":"g","3999":"i","4000":"n","4001":"M","4002":"o","4003":"d","4004":"e","4005":" ","4006":"=","4007":" ","4008":"!","4009":"t","4010":"h","4011":"i","4012":"s","4013":".","4014":"i","4015":"s","4016":"L","4017":"o","4018":"g","4019":"i","4020":"n","4021":"M","4022":"o","4023":"d","4024":"e","4025":";","4026":"\\","4027":"n","4028":" ","4029":" ","4030":" ","4031":" ","4032":" ","4033":" ","4034":"t","4035":"h","4036":"i","4037":"s","4038":".","4039":"e","4040":"r","4041":"r","4042":"o","4043":"r","4044":"M","4045":"e","4046":"s","4047":"s","4048":"a","4049":"g","4050":"e","4051":" ","4052":"=","4053":" ","4054":"'","4055":"'","4056":";","4057":" ","4058":"\\","4059":"n","4060":" ","4061":" ","4062":" ","4063":" ","4064":"}","4065":",","4066":"\\","4067":"n","4068":"\\","4069":"n","4070":" ","4071":" ","4072":" ","4073":" ","4074":"/","4075":"/","4076":" ","4077":"О","4078":"б","4079":"р","4080":"а","4081":"б","4082":"о","4083":"т","4084":"к","4085":"а","4086":" ","4087":"о","4088":"т","4089":"п","4090":"р","4091":"а","4092":"в","4093":"к","4094":"и","4095":" ","4096":"ф","4097":"о","4098":"р","4099":"м","4100":"ы","4101":"\\","4102":"n","4103":" ","4104":" ","4105":" ","4106":" ","4107":"a","4108":"s","4109":"y","4110":"n","4111":"c","4112":" ","4113":"h","4114":"a","4115":"n","4116":"d","4117":"l","4118":"e","4119":"S","4120":"u","4121":"b","4122":"m","4123":"i","4124":"t","4125":"(","4126":")","4127":" ","4128":"{","4129":"\\","4130":"n","4131":" ","4132":" ","4133":" ","4134":" ","4135":" ","4136":" ","4137":"i","4138":"f","4139":" ","4140":"(","4141":"!","4142":"t","4143":"h","4144":"i","4145":"s","4146":".","4147":"e","4148":"m","4149":"a","4150":"i","4151":"l","4152":" ","4153":"|","4154":"|","4155":" ","4156":"!","4157":"t","4158":"h","4159":"i","4160":"s","4161":".","4162":"p","4163":"a","4164":"s","4165":"s","4166":"w","4167":"o","4168":"r","4169":"d","4170":" ","4171":"|","4172":"|","4173":" ","4174":"(","4175":"!","4176":"t","4177":"h","4178":"i","4179":"s","4180":".","4181":"i","4182":"s","4183":"L","4184":"o","4185":"g","4186":"i","4187":"n","4188":"M","4189":"o","4190":"d","4191":"e","4192":" ","4193":"&","4194":"&","4195":" ","4196":"!","4197":"t","4198":"h","4199":"i","4200":"s","4201":".","4202":"u","4203":"s","4204":"e","4205":"r","4206":"n","4207":"a","4208":"m","4209":"e","4210":")","4211":")","4212":" ","4213":"{","4214":"\\","4215":"n","4216":" ","4217":" ","4218":" ","4219":" ","4220":" ","4221":" ","4222":" ","4223":" ","4224":"t","4225":"h","4226":"i","4227":"s","4228":".","4229":"e","4230":"r","4231":"r","4232":"o","4233":"r","4234":"M","4235":"e","4236":"s","4237":"s","4238":"a","4239":"g","4240":"e","4241":" ","4242":"=","4243":" ","4244":"'","4245":"П","4246":"о","4247":"ж","4248":"а","4249":"л","4250":"у","4251":"й","4252":"с","4253":"т","4254":"а","4255":",","4256":" ","4257":"з","4258":"а","4259":"п","4260":"о","4261":"л","4262":"н","4263":"и","4264":"т","4265":"е","4266":" ","4267":"в","4268":"с","4269":"е","4270":" ","4271":"п","4272":"о","4273":"л","4274":"я","4275":".","4276":"'","4277":";","4278":"\\","4279":"n","4280":" ","4281":" ","4282":" ","4283":" ","4284":" ","4285":" ","4286":" ","4287":" ","4288":"r","4289":"e","4290":"t","4291":"u","4292":"r","4293":"n","4294":";","4295":"\\","4296":"n","4297":" ","4298":" ","4299":" ","4300":" ","4301":" ","4302":" ","4303":"}","4304":"\\","4305":"n","4306":"\\","4307":"n","4308":" ","4309":" ","4310":" ","4311":" ","4312":" ","4313":" ","4314":"t","4315":"r","4316":"y","4317":" ","4318":"{","4319":"\\","4320":"n","4321":" ","4322":" ","4323":" ","4324":" ","4325":" ","4326":" ","4327":" ","4328":" ","4329":"i","4330":"f","4331":" ","4332":"(","4333":"t","4334":"h","4335":"i","4336":"s","4337":".","4338":"i","4339":"s","4340":"L","4341":"o","4342":"g","4343":"i","4344":"n","4345":"M","4346":"o","4347":"d","4348":"e","4349":")","4350":" ","4351":"{","4352":"\\","4353":"n","4354":" ","4355":" ","4356":" ","4357":" ","4358":" ","4359":" ","4360":" ","4361":" ","4362":" ","4363":" ","4364":"/","4365":"/","4366":" ","4367":"В","4368":"х","4369":"о","4370":"д","4371":"\\","4372":"n","4373":" ","4374":" ","4375":" ","4376":" ","4377":" ","4378":" ","4379":" ","4380":" ","4381":" ","4382":" ","4383":"c","4384":"o","4385":"n","4386":"s","4387":"t","4388":" ","4389":"t","4390":"o","4391":"k","4392":"e","4393":"n","4394":" ","4395":"=","4396":" ","4397":"a","4398":"w","4399":"a","4400":"i","4401":"t","4402":" ","4403":"l","4404":"o","4405":"g","4406":"i","4407":"n","4408":"(","4409":"t","4410":"h","4411":"i","4412":"s","4413":".","4414":"e","4415":"m","4416":"a","4417":"i","4418":"l","4419":",","4420":" ","4421":"t","4422":"h","4423":"i","4424":"s","4425":".","4426":"p","4427":"a","4428":"s","4429":"s","4430":"w","4431":"o","4432":"r","4433":"d","4434":")","4435":";","4436":"\\","4437":"n","4438":" ","4439":" ","4440":" ","4441":" ","4442":" ","4443":" ","4444":" ","4445":" ","4446":" ","4447":" ","4448":"l","4449":"o","4450":"c","4451":"a","4452":"l","4453":"S","4454":"t","4455":"o","4456":"r","4457":"a","4458":"g","4459":"e","4460":".","4461":"s","4462":"e","4463":"t","4464":"I","4465":"t","4466":"e","4467":"m","4468":"(","4469":"'","4470":"t","4471":"o","4472":"k","4473":"e","4474":"n","4475":"'","4476":",","4477":" ","4478":"t","4479":"o","4480":"k","4481":"e","4482":"n","4483":")","4484":";","4485":"\\","4486":"n","4487":" ","4488":" ","4489":" ","4490":" ","4491":" ","4492":" ","4493":" ","4494":" ","4495":"}","4496":" ","4497":"e","4498":"l","4499":"s","4500":"e","4501":" ","4502":"{","4503":"\\","4504":"n","4505":" ","4506":" ","4507":" ","4508":" ","4509":" ","4510":" ","4511":" ","4512":" ","4513":" ","4514":" ","4515":"/","4516":"/","4517":" ","4518":"Р","4519":"е","4520":"г","4521":"и","4522":"с","4523":"т","4524":"р","4525":"а","4526":"ц","4527":"и","4528":"я","4529":"\\","4530":"n","4531":" ","4532":" ","4533":" ","4534":" ","4535":" ","4536":" ","4537":" ","4538":" ","4539":" ","4540":" ","4541":"a","4542":"w","4543":"a","4544":"i","4545":"t","4546":" ","4547":"r","4548":"e","4549":"g","4550":"i","4551":"s","4552":"t","4553":"e","4554":"r","4555":"(","4556":"t","4557":"h","4558":"i","4559":"s","4560":".","4561":"u","4562":"s","4563":"e","4564":"r","4565":"n","4566":"a","4567":"m","4568":"e","4569":",","4570":" ","4571":"t","4572":"h","4573":"i","4574":"s","4575":".","4576":"e","4577":"m","4578":"a","4579":"i","4580":"l","4581":",","4582":" ","4583":"t","4584":"h","4585":"i","4586":"s","4587":".","4588":"p","4589":"a","4590":"s","4591":"s","4592":"w","4593":"o","4594":"r","4595":"d","4596":")","4597":";","4598":"\\","4599":"n","4600":" ","4601":" ","4602":" ","4603":" ","4604":" ","4605":" ","4606":" ","4607":" ","4608":"}","4609":"\\","4610":"n","4611":" ","4612":" ","4613":" ","4614":" ","4615":" ","4616":" ","4617":" ","4618":" ","4619":"/","4620":"/","4621":" ","4622":"П","4623":"е","4624":"р","4625":"е","4626":"н","4627":"а","4628":"п","4629":"р","4630":"а","4631":"в","4632":"л","4633":"е","4634":"н","4635":"и","4636":"е","4637":" ","4638":"н","4639":"а","4640":" ","4641":"с","4642":"т","4643":"р","4644":"а","4645":"н","4646":"и","4647":"ц","4648":"у","4649":" ","4650":"к","4651":"о","4652":"м","4653":"н","4654":"а","4655":"т","4656":"\\","4657":"n","4658":" ","4659":" ","4660":" ","4661":" ","4662":" ","4663":" ","4664":" ","4665":" ","4666":"t","4667":"h","4668":"i","4669":"s","4670":".","4671":"$","4672":"r","4673":"o","4674":"u","4675":"t","4676":"e","4677":"r","4678":".","4679":"p","4680":"u","4681":"s","4682":"h","4683":"(","4684":"'","4685":"/","4686":"r","4687":"o","4688":"o","4689":"m","4690":"s","4691":"'","4692":")","4693":";","4694":"\\","4695":"n","4696":" ","4697":" ","4698":" ","4699":" ","4700":" ","4701":" ","4702":"}","4703":" ","4704":"c","4705":"a","4706":"t","4707":"c","4708":"h","4709":" ","4710":"(","4711":"e","4712":"r","4713":"r","4714":"o","4715":"r","4716":")","4717":" ","4718":"{","4719":"\\","4720":"n","4721":" ","4722":" ","4723":" ","4724":" ","4725":" ","4726":" ","4727":" ","4728":" ","4729":"t","4730":"h","4731":"i","4732":"s","4733":".","4734":"e","4735":"r","4736":"r","4737":"o","4738":"r","4739":"M","4740":"e","4741":"s","4742":"s","4743":"a","4744":"g","4745":"e","4746":" ","4747":"=","4748":" ","4749":"t","4750":"h","4751":"i","4752":"s","4753":".","4754":"i","4755":"s","4756":"L","4757":"o","4758":"g","4759":"i","4760":"n","4761":"M","4762":"o","4763":"d","4764":"e","4765":"\\","4766":"n","4767":" ","4768":" ","4769":" ","4770":" ","4771":" ","4772":" ","4773":" ","4774":" ","4775":" ","4776":" ","4777":"?","4778":" ","4779":"'","4780":"О","4781":"ш","4782":"и","4783":"б","4784":"к","4785":"а","4786":" ","4787":"в","4788":"х","4789":"о","4790":"д","4791":"а","4792":".","4793":" ","4794":"П","4795":"р","4796":"о","4797":"в","4798":"е","4799":"р","4800":"ь","4801":"т","4802":"е","4803":" ","4804":"д","4805":"а","4806":"н","4807":"н","4808":"ы","4809":"е","4810":".","4811":"'","4812":"\\","4813":"n","4814":" ","4815":" ","4816":" ","4817":" ","4818":" ","4819":" ","4820":" ","4821":" ","4822":" ","4823":" ","4824":":","4825":" ","4826":"'","4827":"О","4828":"ш","4829":"и","4830":"б","4831":"к","4832":"а","4833":" ","4834":"р","4835":"е","4836":"г","4837":"и","4838":"с","4839":"т","4840":"р","4841":"а","4842":"ц","4843":"и","4844":"и","4845":".","4846":" ","4847":"П","4848":"о","4849":"п","4850":"р","4851":"о","4852":"б","4853":"у","4854":"й","4855":"т","4856":"е","4857":" ","4858":"с","4859":"н","4860":"о","4861":"в","4862":"а","4863":".","4864":"'","4865":";","4866":"\\","4867":"n","4868":" ","4869":" ","4870":" ","4871":" ","4872":" ","4873":" ","4874":"}","4875":"\\","4876":"n","4877":" ","4878":" ","4879":" ","4880":" ","4881":"}","4882":",","4883":"\\","4884":"n","4885":" ","4886":" ","4887":"}","4888":",","4889":"\\","4890":"n","4891":"}","4892":";","4893":"\\","4894":"n","4895":"<","4896":"/","4897":"s","4898":"c","4899":"r","4900":"i","4901":"p","4902":"t","4903":">","4904":"\\","4905":"n","4906":"\\","4907":"n","4908":"\"","4909":"]","4910":"}"},"_coverageSchema":"1a1c01bbd47fc00a2c39e90264f33305004495a9","hash":"a1079a0b5a5913820e2dd38a295834953b7d2a7c"}
,"C:\\Users\\polin\\OneDrive\\web\\chat_app\\WebChat\\frontend\\src\\pages\\ChatPage.vue": {"path":"C:\\Users\\polin\\OneDrive\\web\\chat_app\\WebChat\\frontend\\src\\pages\\ChatPage.vue","statementMap":{"0":{"start":{"line":3,"column":0},"end":{"line":5,"column":3}},"1":{"start":{"line":6,"column":0},"end":{"line":6,"column":25}},"2":{"start":{"line":7,"column":14},"end":{"line":7,"column":58}},"3":{"start":{"line":8,"column":37},"end":{"line":8,"column":83}},"4":{"start":{"line":10,"column":15},"end":{"line":61,"column":1}},"5":{"start":{"line":12,"column":4},"end":{"line":22,"column":6}},"6":{"start":{"line":26,"column":4},"end":{"line":29,"column":7}},"7":{"start":{"line":32,"column":4},"end":{"line":34,"column":7}},"8":{"start":{"line":33,"column":6},"end":{"line":33,"column":31}},"9":{"start":{"line":37,"column":4},"end":{"line":39,"column":7}},"10":{"start":{"line":38,"column":6},"end":{"line":38,"column":34}},"11":{"start":{"line":44,"column":6},"end":{"line":44,"column":43}},"12":{"start":{"line":44,"column":36},"end":{"line":44,"column":43}},"13":{"start":{"line":45,"column":6},"end":{"line":49,"column":9}},"14":{"start":{"line":50,"column":6},"end":{"line":50,"column":28}},"15":{"start":{"line":54,"column":6},"end":{"line":57,"column":9}},"16":{"start":{"line":58,"column":6},"end":{"line":58,"column":34}},"17":{"start":{"line":62,"column":0},"end":{"line":62,"column":13}},"18":{"start":{"line":64,"column":0},"end":{"line":66,"column":3}},"19":{"start":{"line":67,"column":0},"end":{"line":67,"column":24}},"20":{"start":{"line":68,"column":11},"end":{"line":68,"column":25}},"21":{"start":{"line":69,"column":19},"end":{"line":71,"column":1}},"22":{"start":{"line":72,"column":19},"end":{"line":74,"column":1}},"23":{"start":{"line":76,"column":2},"end":{"line":94,"column":27}},"24":{"start":{"line":77,"column":4},"end":{"line":80,"column":209}},"25":{"start":{"line":82,"column":77},"end":{"line":82,"column":122}},"26":{"start":{"line":85,"column":63},"end":{"line":85,"column":88}},"27":{"start":{"line":92,"column":52},"end":{"line":92,"column":93}},"28":{"start":{"line":95,"column":2},"end":{"line":95,"column":49}}},"fnMap":{"0":{"name":"_interopRequireDefault","decl":{"start":{"line":8,"column":9},"end":{"line":8,"column":31}},"loc":{"start":{"line":8,"column":35},"end":{"line":8,"column":85}},"line":8},"1":{"name":"(anonymous_1)","decl":{"start":{"line":11,"column":2},"end":{"line":11,"column":3}},"loc":{"start":{"line":11,"column":9},"end":{"line":23,"column":3}},"line":11},"2":{"name":"(anonymous_2)","decl":{"start":{"line":24,"column":2},"end":{"line":24,"column":3}},"loc":{"start":{"line":24,"column":12},"end":{"line":40,"column":3}},"line":24},"3":{"name":"(anonymous_3)","decl":{"start":{"line":32,"column":39},"end":{"line":32,"column":40}},"loc":{"start":{"line":32,"column":51},"end":{"line":34,"column":5}},"line":32},"4":{"name":"(anonymous_4)","decl":{"start":{"line":37,"column":37},"end":{"line":37,"column":38}},"loc":{"start":{"line":37,"column":48},"end":{"line":39,"column":5}},"line":37},"5":{"name":"(anonymous_5)","decl":{"start":{"line":43,"column":4},"end":{"line":43,"column":5}},"loc":{"start":{"line":43,"column":18},"end":{"line":51,"column":5}},"line":43},"6":{"name":"(anonymous_6)","decl":{"start":{"line":53,"column":4},"end":{"line":53,"column":5}},"loc":{"start":{"line":53,"column":16},"end":{"line":59,"column":5}},"line":53},"7":{"name":"render","decl":{"start":{"line":75,"column":9},"end":{"line":75,"column":15}},"loc":{"start":{"line":75,"column":30},"end":{"line":95,"column":1}},"line":75},"8":{"name":"(anonymous_8)","decl":{"start":{"line":76,"column":354},"end":{"line":76,"column":355}},"loc":{"start":{"line":76,"column":365},"end":{"line":81,"column":3}},"line":76},"9":{"name":"(anonymous_9)","decl":{"start":{"line":82,"column":64},"end":{"line":82,"column":65}},"loc":{"start":{"line":82,"column":77},"end":{"line":82,"column":122}},"line":82},"10":{"name":"(anonymous_10)","decl":{"start":{"line":85,"column":53},"end":{"line":85,"column":54}},"loc":{"start":{"line":85,"column":63},"end":{"line":85,"column":88}},"line":85},"11":{"name":"(anonymous_11)","decl":{"start":{"line":92,"column":39},"end":{"line":92,"column":40}},"loc":{"start":{"line":92,"column":52},"end":{"line":92,"column":93}},"line":92}},"branchMap":{"0":{"loc":{"start":{"line":8,"column":44},"end":{"line":8,"column":82}},"type":"cond-expr","locations":[{"start":{"line":8,"column":64},"end":{"line":8,"column":65}},{"start":{"line":8,"column":68},"end":{"line":8,"column":82}}],"line":8},"1":{"loc":{"start":{"line":8,"column":44},"end":{"line":8,"column":61}},"type":"binary-expr","locations":[{"start":{"line":8,"column":44},"end":{"line":8,"column":45}},{"start":{"line":8,"column":49},"end":{"line":8,"column":61}}],"line":8},"2":{"loc":{"start":{"line":44,"column":6},"end":{"line":44,"column":43}},"type":"if","locations":[{"start":{"line":44,"column":6},"end":{"line":44,"column":43}},{"start":{},"end":{}}],"line":44},"3":{"loc":{"start":{"line":82,"column":14},"end":{"line":82,"column":137}},"type":"binary-expr","locations":[{"start":{"line":82,"column":14},"end":{"line":82,"column":23}},{"start":{"line":82,"column":28},"end":{"line":82,"column":136}}],"line":82},"4":{"loc":{"start":{"line":82,"column":77},"end":{"line":82,"column":122}},"type":"binary-expr","locations":[{"start":{"line":82,"column":77},"end":{"line":82,"column":93}},{"start":{"line":82,"column":97},"end":{"line":82,"column":122}}],"line":82},"5":{"loc":{"start":{"line":85,"column":27},"end":{"line":85,"column":89}},"type":"binary-expr","locations":[{"start":{"line":85,"column":27},"end":{"line":85,"column":36}},{"start":{"line":85,"column":41},"end":{"line":85,"column":88}}],"line":85},"6":{"loc":{"start":{"line":88,"column":74},"end":{"line":91,"column":36}},"type":"binary-expr","locations":[{"start":{"line":88,"column":74},"end":{"line":88,"column":83}},{"start":{"line":88,"column":88},"end":{"line":91,"column":35}}],"line":88},"7":{"loc":{"start":{"line":92,"column":13},"end":{"line":92,"column":94}},"type":"binary-expr","locations":[{"start":{"line":92,"column":13},"end":{"line":92,"column":22}},{"start":{"line":92,"column":27},"end":{"line":92,"column":93}}],"line":92},"8":{"loc":{"start":{"line":92,"column":52},"end":{"line":92,"column":93}},"type":"binary-expr","locations":[{"start":{"line":92,"column":52},"end":{"line":92,"column":66}},{"start":{"line":92,"column":70},"end":{"line":92,"column":93}}],"line":92}},"s":{"0":1,"1":1,"2":1,"3":1,"4":1,"5":5,"6":5,"7":5,"8":0,"9":5,"10":0,"11":1,"12":0,"13":1,"14":1,"15":0,"16":0,"17":1,"18":1,"19":1,"20":1,"21":1,"22":1,"23":7,"24":0,"25":1,"26":1,"27":0,"28":1},"f":{"0":1,"1":5,"2":5,"3":0,"4":0,"5":1,"6":0,"7":7,"8":0,"9":1,"10":1,"11":0},"b":{"0":[1,0],"1":[1,1],"2":[0,1],"3":[7,5],"4":[1,1],"5":[7,5],"6":[7,5],"7":[7,5],"8":[0,0]},"inputSourceMap":{"0":"{","1":"\"","2":"v","3":"e","4":"r","5":"s","6":"i","7":"o","8":"n","9":"\"","10":":","11":"3","12":",","13":"\"","14":"s","15":"o","16":"u","17":"r","18":"c","19":"e","20":"s","21":"\"","22":":","23":"[","24":"\"","25":"C","26":":","27":"\\","28":"\\","29":"U","30":"s","31":"e","32":"r","33":"s","34":"\\","35":"\\","36":"p","37":"o","38":"l","39":"i","40":"n","41":"\\","42":"\\","43":"O","44":"n","45":"e","46":"D","47":"r","48":"i","49":"v","50":"e","51":"\\","52":"\\","53":"w","54":"e","55":"b","56":"\\","57":"\\","58":"c","59":"h","60":"a","61":"t","62":"_","63":"a","64":"p","65":"p","66":"\\","67":"\\","68":"W","69":"e","70":"b","71":"C","72":"h","73":"a","74":"t","75":"\\","76":"\\","77":"f","78":"r","79":"o","80":"n","81":"t","82":"e","83":"n","84":"d","85":"\\","86":"\\","87":"s","88":"r","89":"c","90":"\\","91":"\\","92":"p","93":"a","94":"g","95":"e","96":"s","97":"\\","98":"\\","99":"C","100":"h","101":"a","102":"t","103":"P","104":"a","105":"g","106":"e","107":".","108":"v","109":"u","110":"e","111":"\"","112":"]","113":",","114":"\"","115":"n","116":"a","117":"m","118":"e","119":"s","120":"\"","121":":","122":"[","123":"]","124":",","125":"\"","126":"m","127":"a","128":"p","129":"p","130":"i","131":"n","132":"g","133":"s","134":"\"","135":":","136":"\"","137":";","138":";","139":";","140":";","141":";","142":";","143":"A","144":"A","145":"o","146":"B","147":"A","148":";","149":"A","150":"A","151":"A","152":"+","153":"B","154":";","155":"A","156":"A","157":"A","158":"C","159":";","160":"A","161":"A","162":"A","163":"A","164":",","165":"i","166":"C","167":"A","168":"E","169":"j","170":"B","171":";","172":"E","173":"A","174":"C","175":"b","176":",","177":"I","178":"A","179":"A","180":"I","181":",","182":"G","183":"A","184":"A","185":"G","186":";","187":"I","188":"A","189":"C","190":"L","191":",","192":"O","193":"A","194":"A","195":"O","196":";","197":"M","198":"A","199":"C","200":"L","201":",","202":"M","203":"A","204":"A","205":"M","206":",","207":"E","208":"A","209":"A","210":"E","211":",","212":"I","213":"A","214":"A","215":"I","216":",","217":"C","218":"A","219":"A","220":"C","221":",","222":"M","223":"A","224":"A","225":"M","226":",","227":"C","228":"A","229":"A","230":"C","231":",","232":"M","233":"A","234":"A","235":"M","236":",","237":"C","238":"A","239":"A","240":"C","241":",","242":"M","243":"A","244":"A","245":"M","246":";","247":"M","248":"A","249":"A","250":"E","251":";","252":"M","253":"A","254":"C","255":"n","256":"C","257":",","258":"M","259":"A","260":"A","261":"M","262":",","263":"E","264":"A","265":"A","266":"E","267":",","268":"C","269":"A","270":"A","271":"C","272":";","273":"M","274":"A","275":"A","276":"E","277":";","278":"M","279":"A","280":"C","281":"X","282":",","283":"Q","284":"A","285":"A","286":"Q","287":",","288":"E","289":"A","290":"A","291":"E","292":",","293":"O","294":"A","295":"A","296":"O","297":";","298":"M","299":"A","300":"A","301":"E","302":";","303":"M","304":"A","305":"C","306":"n","307":"B","308":",","309":"Q","310":"A","311":"A","312":"Q","313":",","314":"E","315":"A","316":"A","317":"E","318":",","319":"E","320":"A","321":"A","322":"E","323":";","324":"M","325":"A","326":"A","327":"E","328":";","329":"M","330":"A","331":"C","332":"d","333":",","334":"W","335":"A","336":"A","337":"W","338":",","339":"E","340":"A","341":"A","342":"E","343":",","344":"E","345":"A","346":"A","347":"E","348":",","349":"C","350":"A","351":"A","352":"E","353":";","354":"I","355":"A","356":"C","357":"n","358":"B","359":",","360":"C","361":"A","362":"A","363":"C","364":";","365":"E","366":"A","367":"C","368":"H","369":",","370":"C","371":"A","372":"A","373":"C","374":";","375":"E","376":"A","377":"C","378":"D","379":",","380":"O","381":"A","382":"A","383":"O","384":",","385":"G","386":"A","387":"A","388":"G","389":";","390":"I","391":"A","392":"C","393":"R","394":";","395":"I","396":"A","397":"C","398":"A","399":",","400":"e","401":"A","402":"A","403":"M","404":",","405":"C","406":"A","407":"A","408":"C","409":",","410":"I","411":"A","412":"A","413":"I","414":",","415":"C","416":"A","417":"A","418":"C","419":",","420":"U","421":"A","422":"A","423":"U","424":",","425":"E","426":"A","427":"A","428":"E","429":";","430":"M","431":"A","432":"A","433":"E","434":",","435":"M","436":"A","437":"A","438":"M","439":",","440":"E","441":"A","442":"A","443":"E","444":",","445":"I","446":"A","447":"A","448":"I","449":",","450":"C","451":"A","452":"A","453":"C","454":",","455":"M","456":"A","457":"A","458":"M","459":";","460":"M","461":"A","462":"A","463":"E","464":",","465":"Q","466":"A","467":"A","468":"Q","469":",","470":"E","471":"A","472":"A","473":"E","474":",","475":"I","476":"A","477":"A","478":"I","479":",","480":"C","481":"A","482":"A","483":"C","484":";","485":"I","486":"A","487":"A","488":"S","489":",","490":"C","491":"A","492":"A","493":"C","494":",","495":"C","496":"A","497":"A","498":"C","499":";","500":";","501":"I","502":"A","503":"E","504":"z","505":"E","506":";","507":"I","508":"A","509":"C","510":"A","511":",","512":"e","513":"A","514":"A","515":"M","516":",","517":"C","518":"A","519":"A","520":"C","521":",","522":"E","523":"A","524":"A","525":"E","526":",","527":"C","528":"A","529":"A","530":"C","531":",","532":"c","533":"A","534":"A","535":"c","536":",","537":"E","538":"A","539":"A","540":"G","541":",","542":"Q","543":"A","544":"A","545":"Q","546":",","547":"I","548":"A","549":"A","550":"K","551":";","552":"M","553":"A","554":"C","555":"t","556":"C","557":",","558":"I","559":"A","560":"A","561":"I","562":",","563":"C","564":"A","565":"A","566":"C","567":",","568":"Q","569":"A","570":"A","571":"Q","572":",","573":"G","574":"A","575":"A","576":"G","577":",","578":"Q","579":"A","580":"A","581":"Q","582":";","583":"I","584":"A","585":"C","586":"1","587":"B","588":",","589":"C","590":"A","591":"A","592":"C","593":",","594":"C","595":"A","596":"A","597":"C","598":";","599":";","600":"I","601":"A","602":"E","603":"F","604":";","605":"I","606":"A","607":"C","608":"A","609":",","610":"e","611":"A","612":"A","613":"M","614":",","615":"C","616":"A","617":"A","618":"C","619":",","620":"E","621":"A","622":"A","623":"E","624":",","625":"C","626":"A","627":"A","628":"C","629":",","630":"Y","631":"A","632":"A","633":"Y","634":",","635":"E","636":"A","637":"A","638":"G","639":",","640":"O","641":"A","642":"A","643":"O","644":",","645":"I","646":"A","647":"A","648":"K","649":";","650":"M","651":"A","652":"C","653":"n","654":"C","655":",","656":"I","657":"A","658":"A","659":"I","660":",","661":"C","662":"A","663":"A","664":"C","665":",","666":"Q","667":"A","668":"A","669":"Q","670":",","671":"C","672":"A","673":"A","674":"C","675":",","676":"I","677":"A","678":"A","679":"I","680":",","681":"C","682":"A","683":"A","684":"C","685":",","686":"O","687":"A","688":"A","689":"O","690":",","691":"C","692":"A","693":"A","694":"C","695":";","696":"I","697":"A","698":"C","699":"7","700":"B","701":",","702":"C","703":"A","704":"A","705":"C","706":",","707":"C","708":"A","709":"A","710":"C","711":";","712":"E","713":"A","714":"C","715":"J","716":",","717":"C","718":"A","719":"A","720":"C","721":";","722":"E","723":"A","724":"C","725":"D","726":",","727":"O","728":"A","729":"A","730":"O","731":",","732":"E","733":"A","734":"A","735":"E","736":";","737":"I","738":"A","739":"C","740":"P","741":";","742":"I","743":"A","744":"C","745":"A","746":",","747":"W","748":"A","749":"A","750":"W","751":",","752":"G","753":"A","754":"A","755":"G","756":";","757":"M","758":"A","759":"C","760":"Z","761":",","762":"I","763":"A","764":"A","765":"I","766":",","767":"C","768":"A","769":"A","770":"C","771":",","772":"I","773":"A","774":"A","775":"I","776":",","777":"C","778":"A","779":"A","780":"C","781":",","782":"W","783":"A","784":"A","785":"W","786":",","787":"C","788":"A","789":"A","790":"C","791":",","792":"I","793":"A","794":"A","795":"I","796":",","797":"C","798":"A","799":"A","800":"C","801":",","802":"C","803":"A","804":"A","805":"C","806":",","807":"E","808":"A","809":"A","810":"E","811":";","812":"M","813":"A","814":"E","815":"9","816":"B","817":",","818":"e","819":"A","820":"A","821":"M","822":",","823":"C","824":"A","825":"A","826":"C","827":",","828":"I","829":"A","830":"A","831":"I","832":",","833":"C","834":"A","835":"A","836":"C","837":",","838":"a","839":"A","840":"A","841":"a","842":",","843":"E","844":"A","845":"A","846":"E","847":";","848":"Q","849":"A","850":"C","851":"z","852":"B","853":",","854":"M","855":"A","856":"A","857":"M","858":",","859":"E","860":"A","861":"A","862":"E","863":",","864":"I","865":"A","866":"A","867":"I","868":",","869":"C","870":"A","871":"A","872":"C","873":",","874":"M","875":"A","876":"A","877":"M","878":";","879":"Q","880":"A","881":"C","882":"n","883":"B","884":",","885":"M","886":"A","887":"A","888":"M","889":",","890":"E","891":"A","892":"A","893":"E","894":",","895":"I","896":"A","
[...]
":"'","6119":"h","6120":"t","6121":"t","6122":"p","6123":":","6124":"/","6125":"/","6126":"l","6127":"o","6128":"c","6129":"a","6130":"l","6131":"h","6132":"o","6133":"s","6134":"t","6135":":","6136":"3","6137":"0","6138":"0","6139":"0","6140":"/","6141":"a","6142":"p","6143":"i","6144":"/","6145":"c","6146":"h","6147":"a","6148":"t","6149":"/","6150":"r","6151":"o","6152":"o","6153":"m","6154":"s","6155":"'","6156":",","6157":" ","6158":"{","6159":"\\","6160":"n","6161":" ","6162":" ","6163":" ","6164":" ","6165":" ","6166":" ","6167":" ","6168":" ","6169":" ","6170":" ","6171":"m","6172":"e","6173":"t","6174":"h","6175":"o","6176":"d","6177":":","6178":" ","6179":"'","6180":"P","6181":"O","6182":"S","6183":"T","6184":"'","6185":",","6186":"\\","6187":"n","6188":" ","6189":" ","6190":" ","6191":" ","6192":" ","6193":" ","6194":" ","6195":" ","6196":" ","6197":" ","6198":"h","6199":"e","6200":"a","6201":"d","6202":"e","6203":"r","6204":"s","6205":":","6206":" ","6207":"{","6208":"\\","6209":"n","6210":" ","6211":" ","6212":" ","6213":" ","6214":" ","6215":" ","6216":" ","6217":" ","6218":" ","6219":" ","6220":" ","6221":" ","6222":"'","6223":"C","6224":"o","6225":"n","6226":"t","6227":"e","6228":"n","6229":"t","6230":"-","6231":"T","6232":"y","6233":"p","6234":"e","6235":"'","6236":":","6237":" ","6238":"'","6239":"a","6240":"p","6241":"p","6242":"l","6243":"i","6244":"c","6245":"a","6246":"t","6247":"i","6248":"o","6249":"n","6250":"/","6251":"j","6252":"s","6253":"o","6254":"n","6255":"'","6256":",","6257":"\\","6258":"n","6259":" ","6260":" ","6261":" ","6262":" ","6263":" ","6264":" ","6265":" ","6266":" ","6267":" ","6268":" ","6269":"}","6270":",","6271":"\\","6272":"n","6273":" ","6274":" ","6275":" ","6276":" ","6277":" ","6278":" ","6279":" ","6280":" ","6281":" ","6282":" ","6283":"b","6284":"o","6285":"d","6286":"y","6287":":","6288":" ","6289":"J","6290":"S","6291":"O","6292":"N","6293":".","6294":"s","6295":"t","6296":"r","6297":"i","6298":"n","6299":"g","6300":"i","6301":"f","6302":"y","6303":"(","6304":"{","6305":"\\","6306":"n","6307":" ","6308":" ","6309":" ","6310":" ","6311":" ","6312":" ","6313":" ","6314":" ","6315":" ","6316":" ","6317":" ","6318":" ","6319":"n","6320":"a","6321":"m","6322":"e","6323":":","6324":" ","6325":"t","6326":"h","6327":"i","6328":"s","6329":".","6330":"n","6331":"e","6332":"w","6333":"R","6334":"o","6335":"o","6336":"m","6337":"N","6338":"a","6339":"m","6340":"e","6341":",","6342":"\\","6343":"n","6344":" ","6345":" ","6346":" ","6347":" ","6348":" ","6349":" ","6350":" ","6351":" ","6352":" ","6353":" ","6354":" ","6355":" ","6356":"u","6357":"s","6358":"e","6359":"r","6360":"I","6361":"d","6362":":","6363":" ","6364":"1","6365":",","6366":" ","6367":"/","6368":"/","6369":" ","6370":"З","6371":"а","6372":"м","6373":"е","6374":"н","6375":"и","6376":"т","6377":"е","6378":" ","6379":"н","6380":"а","6381":" ","6382":"р","6383":"е","6384":"а","6385":"л","6386":"ь","6387":"н","6388":"ы","6389":"й","6390":" ","6391":"I","6392":"D","6393":" ","6394":"п","6395":"о","6396":"л","6397":"ь","6398":"з","6399":"о","6400":"в","6401":"а","6402":"т","6403":"е","6404":"л","6405":"я","6406":"\\","6407":"n","6408":" ","6409":" ","6410":" ","6411":" ","6412":" ","6413":" ","6414":" ","6415":" ","6416":" ","6417":" ","6418":"}","6419":")","6420":",","6421":"\\","6422":"n","6423":" ","6424":" ","6425":" ","6426":" ","6427":" ","6428":" ","6429":" ","6430":" ","6431":"}","6432":")","6433":";","6434":"\\","6435":"n","6436":"\\","6437":"n","6438":" ","6439":" ","6440":" ","6441":" ","6442":" ","6443":" ","6444":" ","6445":" ","6446":"i","6447":"f","6448":" ","6449":"(","6450":"!","6451":"r","6452":"e","6453":"s","6454":"p","6455":"o","6456":"n","6457":"s","6458":"e","6459":".","6460":"o","6461":"k","6462":")","6463":" ","6464":"t","6465":"h","6466":"r","6467":"o","6468":"w","6469":" ","6470":"n","6471":"e","6472":"w","6473":" ","6474":"E","6475":"r","6476":"r","6477":"o","6478":"r","6479":"(","6480":"'","6481":"Н","6482":"е","6483":" ","6484":"у","6485":"д","6486":"а","6487":"л","6488":"о","6489":"с","6490":"ь","6491":" ","6492":"с","6493":"о","6494":"з","6495":"д","6496":"а","6497":"т","6498":"ь","6499":" ","6500":"к","6501":"о","6502":"м","6503":"н","6504":"а","6505":"т","6506":"у","6507":".","6508":"'","6509":")","6510":";","6511":"\\","6512":"n","6513":" ","6514":" ","6515":" ","6516":" ","6517":" ","6518":" ","6519":" ","6520":" ","6521":"c","6522":"o","6523":"n","6524":"s","6525":"t","6526":" ","6527":"n","6528":"e","6529":"w","6530":"R","6531":"o","6532":"o","6533":"m","6534":" ","6535":"=","6536":" ","6537":"a","6538":"w","6539":"a","6540":"i","6541":"t","6542":" ","6543":"r","6544":"e","6545":"s","6546":"p","6547":"o","6548":"n","6549":"s","6550":"e","6551":".","6552":"j","6553":"s","6554":"o","6555":"n","6556":"(","6557":")","6558":";","6559":"\\","6560":"n","6561":"\\","6562":"n","6563":" ","6564":" ","6565":" ","6566":" ","6567":" ","6568":" ","6569":" ","6570":" ","6571":"t","6572":"h","6573":"i","6574":"s","6575":".","6576":"r","6577":"o","6578":"o","6579":"m","6580":"s","6581":".","6582":"p","6583":"u","6584":"s","6585":"h","6586":"(","6587":"n","6588":"e","6589":"w","6590":"R","6591":"o","6592":"o","6593":"m","6594":")","6595":";","6596":" ","6597":"/","6598":"/","6599":" ","6600":"Д","6601":"о","6602":"б","6603":"а","6604":"в","6605":"л","6606":"е","6607":"н","6608":"и","6609":"е","6610":" ","6611":"н","6612":"о","6613":"в","6614":"о","6615":"й","6616":" ","6617":"к","6618":"о","6619":"м","6620":"н","6621":"а","6622":"т","6623":"ы","6624":" ","6625":"в","6626":" ","6627":"с","6628":"п","6629":"и","6630":"с","6631":"о","6632":"к","6633":"\\","6634":"n","6635":" ","6636":" ","6637":" ","6638":" ","6639":" ","6640":" ","6641":" ","6642":" ","6643":"t","6644":"h","6645":"i","6646":"s","6647":".","6648":"n","6649":"e","6650":"w","6651":"R","6652":"o","6653":"o","6654":"m","6655":"N","6656":"a","6657":"m","6658":"e","6659":" ","6660":"=","6661":" ","6662":"'","6663":"'","6664":";","6665":" ","6666":" ","6667":" ","6668":" ","6669":"/","6670":"/","6671":" ","6672":"О","6673":"ч","6674":"и","6675":"с","6676":"т","6677":"к","6678":"а","6679":" ","6680":"п","6681":"о","6682":"л","6683":"я","6684":" ","6685":"в","6686":"в","6687":"о","6688":"д","6689":"а","6690":"\\","6691":"n","6692":" ","6693":" ","6694":" ","6695":" ","6696":" ","6697":" ","6698":" ","6699":" ","6700":"t","6701":"h","6702":"i","6703":"s","6704":".","6705":"s","6706":"u","6707":"c","6708":"c","6709":"e","6710":"s","6711":"s","6712":"M","6713":"e","6714":"s","6715":"s","6716":"a","6717":"g","6718":"e","6719":" ","6720":"=","6721":" ","6722":"'","6723":"К","6724":"о","6725":"м","6726":"н","6727":"а","6728":"т","6729":"а","6730":" ","6731":"у","6732":"с","6733":"п","6734":"е","6735":"ш","6736":"н","6737":"о","6738":" ","6739":"с","6740":"о","6741":"з","6742":"д","6743":"а","6744":"н","6745":"а","6746":"!","6747":"'","6748":";","6749":"\\","6750":"n","6751":" ","6752":" ","6753":" ","6754":" ","6755":" ","6756":" ","6757":" ","6758":" ","6759":"t","6760":"h","6761":"i","6762":"s","6763":".","6764":"e","6765":"r","6766":"r","6767":"o","6768":"r","6769":"M","6770":"e","6771":"s","6772":"s","6773":"a","6774":"g","6775":"e","6776":" ","6777":"=","6778":" ","6779":"'","6780":"'","6781":";","6782":" ","6783":" ","6784":" ","6785":"/","6786":"/","6787":" ","6788":"О","6789":"ч","6790":"и","6791":"с","6792":"т","6793":"к","6794":"а","6795":" ","6796":"с","6797":"о","6798":"о","6799":"б","6800":"щ","6801":"е","6802":"н","6803":"и","6804":"й","6805":" ","6806":"о","6807":"б","6808":" ","6809":"о","6810":"ш","6811":"и","6812":"б","6813":"к","6814":"е","6815":"\\","6816":"n","6817":" ","6818":" ","6819":" ","6820":" ","6821":" ","6822":" ","6823":" ","6824":" ","6825":"t","6826":"h","6827":"i","6828":"s","6829":".","6830":"s","6831":"h","6832":"o","6833":"w","6834":"A","6835":"d","6836":"d","6837":"R","6838":"o","6839":"o","6840":"m","6841":"M","6842":"o","6843":"d","6844":"a","6845":"l","6846":" ","6847":"=","6848":" ","6849":"f","6850":"a","6851":"l","6852":"s","6853":"e","6854":";","6855":" ","6856":"/","6857":"/","6858":" ","6859":"З","6860":"а","6861":"к","6862":"р","6863":"ы","6864":"т","6865":"и","6866":"е","6867":" ","6868":"м","6869":"о","6870":"д","6871":"а","6872":"л","6873":"ь","6874":"н","6875":"о","6876":"г","6877":"о","6878":" ","6879":"о","6880":"к","6881":"н","6882":"а","6883":"\\","6884":"n","6885":" ","6886":" ","6887":" ","6888":" ","6889":" ","6890":" ","6891":"}","6892":" ","6893":"c","6894":"a","6895":"t","6896":"c","6897":"h","6898":" ","6899":"(","6900":"e","6901":"r","6902":"r","6903":")","6904":" ","6905":"{","6906":"\\","6907":"n","6908":" ","6909":" ","6910":" ","6911":" ","6912":" ","6913":" ","6914":" ","6915":" ","6916":"t","6917":"h","6918":"i","6919":"s","6920":".","6921":"e","6922":"r","6923":"r","6924":"o","6925":"r","6926":"M","6927":"e","6928":"s","6929":"s","6930":"a","6931":"g","6932":"e","6933":" ","6934":"=","6935":" ","6936":"e","6937":"r","6938":"r","6939":".","6940":"m","6941":"e","6942":"s","6943":"s","6944":"a","6945":"g","6946":"e","6947":";","6948":"\\","6949":"n","6950":" ","6951":" ","6952":" ","6953":" ","6954":" ","6955":" ","6956":" ","6957":" ","6958":"t","6959":"h","6960":"i","6961":"s","6962":".","6963":"s","6964":"u","6965":"c","6966":"c","6967":"e","6968":"s","6969":"s","6970":"M","6971":"e","6972":"s","6973":"s","6974":"a","6975":"g","6976":"e","6977":" ","6978":"=","6979":" ","6980":"'","6981":"'","6982":";","6983":" ","6984":"/","6985":"/","6986":" ","6987":"О","6988":"ч","6989":"и","6990":"с","6991":"т","6992":"к","6993":"а","6994":" ","6995":"с","6996":"о","6997":"о","6998":"б","6999":"щ","7000":"е","7001":"н","7002":"и","7003":"й","7004":" ","7005":"о","7006":"б","7007":" ","7008":"у","7009":"с","7010":"п","7011":"е","7012":"х","7013":"е","7014":"\\","7015":"n","7016":" ","7017":" ","7018":" ","7019":" ","7020":" ","7021":" ","7022":"}","7023":"\\","7024":"n","7025":" ","7026":" ","7027":" ","7028":" ","7029":"}","7030":",","7031":"\\","7032":"n","7033":"\\","7034":"n","7035":" ","7036":" ","7037":" ","7038":" ","7039":"/","7040":"/","7041":" ","7042":"У","7043":"д","7044":"а","7045":"л","7046":"е","7047":"н","7048":"и","7049":"е","7050":" ","7051":"к","7052":"о","7053":"м","7054":"н","7055":"а","7056":"т","7057":"ы","7058":"\\","7059":"n","7060":" ","7061":" ","7062":" ","7063":" ","7064":"a","7065":"s","7066":"y","7067":"n","7068":"c","7069":" ","7070":"d","7071":"e","7072":"l","7073":"e","7074":"t","7075":"e","7076":"R","7077":"o","7078":"o","7079":"m","7080":"(","7081":"r","7082":"o","7083":"o","7084":"m","7085":"I","7086":"d","7087":")","7088":" ","7089":"{","7090":"\\","7091":"n","7092":" ","7093":" ","7094":" ","7095":" ","7096":" ","7097":" ","7098":"t","7099":"r","7100":"y","7101":" ","7102":"{","7103":"\\","7104":"n","7105":" ","7106":" ","7107":" ","7108":" ","7109":" ","7110":" ","7111":" ","7112":" ","7113":"c","7114":"o","7115":"n","7116":"s","7117":"t","7118":" ","7119":"r","7120":"e","7121":"s","7122":"p","7123":"o","7124":"n","7125":"s","7126":"e","7127":" ","7128":"=","7129":" ","7130":"a","7131":"w","7132":"a","7133":"i","7134":"t","7135":" ","7136":"f","7137":"e","7138":"t","7139":"c","7140":"h","7141":"(","7142":"`","7143":"h","7144":"t","7145":"t","7146":"p","7147":":","7148":"/","7149":"/","7150":"l","7151":"o","7152":"c","7153":"a","7154":"l","7155":"h","7156":"o","7157":"s","7158":"t","7159":":","7160":"3","7161":"0","7162":"0","7163":"0","7164":"/","7165":"a","7166":"p","7167":"i","7168":"/","7169":"c","7170":"h","7171":"a","7172":"t","7173":"/","7174":"r","7175":"o","7176":"o","7177":"m","7178":"s","7179":"/","7180":"$","7181":"{","7182":"r","7183":"o","7184":"o","7185":"m","7186":"I","7187":"d","7188":"}","7189":"`","7190":",","7191":" ","7192":"{","7193":"\\","7194":"n","7195":" ","7196":" ","7197":" ","7198":" ","7199":" ","7200":" ","7201":" ","7202":" ","7203":" ","7204":" ","7205":"m","7206":"e","7207":"t","7208":"h","7209":"o","7210":"d","7211":":","7212":" ","7213":"'","7214":"D","7215":"E","7216":"L","7217":"E","7218":"T","7219":"E","7220":"'","7221":",","7222":"\\","7223":"n","7224":" ","7225":" ","7226":" ","7227":" ","7228":" ","7229":" ","7230":" ","7231":" ","7232":"}","7233":")","7234":";","7235":"\\","7236":"n","7237":"\\","7238":"n","7239":" ","7240":" ","7241":" ","7242":" ","7243":" ","7244":" ","7245":" ","7246":" ","7247":"i","7248":"f","7249":" ","7250":"(","7251":"!","7252":"r","7253":"e","7254":"s","7255":"p","7256":"o","7257":"n","7258":"s","7259":"e","7260":".","7261":"o","7262":"k","7263":")","7264":" ","7265":"t","7266":"h","7267":"r","7268":"o","7269":"w","7270":" ","7271":"n","7272":"e","7273":"w","7274":" ","7275":"E","7276":"r","7277":"r","7278":"o","7279":"r","7280":"(","7281":"'","7282":"Н","7283":"е","7284":" ","7285":"у","7286":"д","7287":"а","7288":"л","7289":"о","7290":"с","7291":"ь","7292":" ","7293":"у","7294":"д","7295":"а","7296":"л","7297":"и","7298":"т","7299":"ь","7300":" ","7301":"к","7302":"о","7303":"м","7304":"н","7305":"а","7306":"т","7307":"у","7308":".","7309":"'","7310":")","7311":";","7312":"\\","7313":"n","7314":" ","7315":" ","7316":" ","7317":" ","7318":" ","7319":" ","7320":" ","7321":" ","7322":"t","7323":"h","7324":"i","7325":"s","7326":".","7327":"r","7328":"o","7329":"o","7330":"m","7331":"s","7332":" ","7333":"=","7334":" ","7335":"t","7336":"h","7337":"i","7338":"s","7339":".","7340":"r","7341":"o","7342":"o","7343":"m","7344":"s","7345":".","7346":"f","7347":"i","7348":"l","7349":"t","7350":"e","7351":"r","7352":"(","7353":"(","7354":"r","7355":"o","7356":"o","7357":"m","7358":")","7359":" ","7360":"=","7361":">","7362":" ","7363":"r","7364":"o","7365":"o","7366":"m","7367":".","7368":"i","7369":"d","7370":" ","7371":"!","7372":"=","7373":"=","7374":" ","7375":"r","7376":"o","7377":"o","7378":"m","7379":"I","7380":"d","7381":")","7382":";","7383":"\\","7384":"n","7385":" ","7386":" ","7387":" ","7388":" ","7389":" ","7390":" ","7391":" ","7392":" ","7393":"t","7394":"h","7395":"i","7396":"s","7397":".","7398":"s","7399":"u","7400":"c","7401":"c","7402":"e","7403":"s","7404":"s","7405":"M","7406":"e","7407":"s","7408":"s","7409":"a","7410":"g","7411":"e","7412":" ","7413":"=","7414":" ","7415":"'","7416":"К","7417":"о","7418":"м","7419":"н","7420":"а","7421":"т","7422":"а","7423":" ","7424":"у","7425":"с","7426":"п","7427":"е","7428":"ш","7429":"н","7430":"о","7431":" ","7432":"у","7433":"д","7434":"а","7435":"л","7436":"е","7437":"н","7438":"а","7439":"!","7440":"'","7441":";","7442":"\\","7443":"n","7444":" ","7445":" ","7446":" ","7447":" ","7448":" ","7449":" ","7450":" ","7451":" ","7452":"t","7453":"h","7454":"i","7455":"s","7456":".","7457":"e","7458":"r","7459":"r","7460":"o","7461":"r","7462":"M","7463":"e","7464":"s","7465":"s","7466":"a","7467":"g","7468":"e","7469":" ","7470":"=","7471":" ","7472":"'","7473":"'","7474":";","7475":" ","7476":"/","7477":"/","7478":" ","7479":"О","7480":"ч","7481":"и","7482":"с","7483":"т","7484":"к","7485":"а","7486":" ","7487":"с","7488":"о","7489":"о","7490":"б","7491":"щ","7492":"е","7493":"н","7494":"и","7495":"й","7496":" ","7497":"о","7498":"б","7499":" ","7500":"о","7501":"ш","7502":"и","7503":"б","7504":"к","7505":"е","7506":"\\","7507":"n","7508":" ","7509":" ","7510":" ","7511":" ","7512":" ","7513":" ","7514":"}","7515":" ","7516":"c","7517":"a","7518":"t","7519":"c","7520":"h","7521":" ","7522":"(","7523":"e","7524":"r","7525":"r","7526":")","7527":" ","7528":"{","7529":"\\","7530":"n","7531":" ","7532":" ","7533":" ","7534":" ","7535":" ","7536":" ","7537":" ","7538":" ","7539":"t","7540":"h","7541":"i","7542":"s","7543":".","7544":"e","7545":"r","7546":"r","7547":"o","7548":"r","7549":"M","7550":"e","7551":"s","7552":"s","7553":"a","7554":"g","7555":"e","7556":" ","7557":"=","7558":" ","7559":"e","7560":"r","7561":"r","7562":".","7563":"m","7564":"e","7565":"s","7566":"s","7567":"a","7568":"g","7569":"e","7570":";","7571":"\\","7572":"n","7573":" ","7574":" ","7575":" ","7576":" ","7577":" ","7578":" ","7579":"}","7580":"\\","7581":"n","7582":" ","7583":" ","7584":" ","7585":" ","7586":"}","7587":",","7588":"\\","7589":"n","7590":" ","7591":" ","7592":"}","7593":",","7594":"\\","7595":"n","7596":"}","7597":";","7598":"\\","7599":"n","7600":"<","7601":"/","7602":"s","7603":"c","7604":"r","7605":"i","7606":"p","7607":"t","7608":">","7609":"\\","7610":"n","7611":"\\","7612":"n","7613":"\"","7614":"]","7615":"}"},"_coverageSchema":"1a1c01bbd47fc00a2c39e90264f33305004495a9","hash":"56ce2600698c3cb73586f1e726a780109ae23187"}
,"C:\\Users\\polin\\OneDrive\\web\\chat_app\\WebChat\\frontend\\src\\shared\\api\\httpClient.js": {"path":"C:\\Users\\polin\\OneDrive\\web\\chat_app\\WebChat\\frontend\\src\\shared\\api\\httpClient.js","statementMap":{"0":{"start":{"line":3,"column":19},"end":{"line":5,"column":2}},"1":{"start":{"line":7,"column":21},"end":{"line":10,"column":1}},"2":{"start":{"line":8,"column":19},"end":{"line":8,"column":80}},"3":{"start":{"line":9,"column":2},"end":{"line":9,"column":29}},"4":{"start":{"line":12,"column":24},"end":{"line":14,"column":1}},"5":{"start":{"line":13,"column":2},"end":{"line":13,"column":77}},"6":{"start":{"line":16,"column":26},"end":{"line":19,"column":1}},"7":{"start":{"line":17,"column":19},"end":{"line":17,"column":53}},"8":{"start":{"line":18,"column":2},"end":{"line":18,"column":23}},"9":{"start":{"line":20,"column":29},"end":{"line":23,"column":1}},"10":{"start":{"line":21,"column":19},"end":{"line":21,"column":72}},"11":{"start":{"line":22,"column":2},"end":{"line":22,"column":23}},"12":{"start":{"line":25,"column":33},"end":{"line":27,"column":1}},"13":{"start":{"line":26,"column":2},"end":{"line":26,"column":67}},"14":{"start":{"line":29,"column":26},"end":{"line":32,"column":1}},"15":{"start":{"line":30,"column":19},"end":{"line":30,"column":64}},"16":{"start":{"line":31,"column":2},"end":{"line":31,"column":23}},"17":{"start":{"line":34,"column":29},"end":{"line":46,"column":1}},"18":{"start":{"line":35,"column":2},"end":{"line":45,"column":3}},"19":{"start":{"line":36,"column":21},"end":{"line":40,"column":6}},"20":{"start":{"line":41,"column":4},"end":{"line":41,"column":25}},"21":{"start":{"line":43,"column":4},"end":{"line":43,"column":54}},"22":{"start":{"line":44,"column":4},"end":{"line":44,"column":16}}},"fnMap":{"0":{"name":"(anonymous_0)","decl":{"start":{"line":7,"column":21},"end":{"line":7,"column":22}},"loc":{"start":{"line":7,"column":48},"end":{"line":10,"column":1}},"line":7},"1":{"name":"(anonymous_1)","decl":{"start":{"line":12,"column":24},"end":{"line":12,"column":25}},"loc":{"start":{"line":12,"column":61},"end":{"line":14,"column":1}},"line":12},"2":{"name":"(anonymous_2)","decl":{"start":{"line":16,"column":26},"end":{"line":16,"column":27}},"loc":{"start":{"line":16,"column":38},"end":{"line":19,"column":1}},"line":16},"3":{"name":"(anonymous_3)","decl":{"start":{"line":20,"column":29},"end":{"line":20,"column":30}},"loc":{"start":{"line":20,"column":47},"end":{"line":23,"column":1}},"line":20},"4":{"name":"(anonymous_4)","decl":{"start":{"line":25,"column":33},"end":{"line":25,"column":34}},"loc":{"start":{"line":25,"column":57},"end":{"line":27,"column":1}},"line":25},"5":{"name":"(anonymous_5)","decl":{"start":{"line":29,"column":26},"end":{"line":29,"column":27}},"loc":{"start":{"line":29,"column":42},"end":{"line":32,"column":1}},"line":29},"6":{"name":"(anonymous_6)","decl":{"start":{"line":34,"column":29},"end":{"line":34,"column":30}},"loc":{"start":{"line":34,"column":41},"end":{"line":46,"column":1}},"line":34}},"branchMap":{},"s":{"0":1,"1":1,"2":0,"3":0,"4":1,"5":0,"6":1,"7":0,"8":0,"9":1,"10":0,"11":0,"12":1,"13":0,"14":1,"15":0,"16":0,"17":1,"18":6,"19":6,"20":0,"21":0,"22":0},"f":{"0":0,"1":0,"2":0,"3":0,"4":0,"5":0,"6":6},"b":{},"_coverageSchema":"1a1c01bbd47fc00a2c39e90264f33305004495a9","hash":"610f8ba30afa76f81f993e9e8eb731c6c76a5fd2"}
}
