TN:
SF:src\socket.js
FNF:0
FNH:0
DA:4,1
LF:1
LH:1
BRF:0
BRH:0
end_of_record
TN:
SF:src\pages\AuthPage.vue
FN:9,(anonymous_0)
FN:20,(anonymous_1)
FN:25,(anonymous_2)
FN:99,render
FN:101,(anonymous_4)
FN:110,(anonymous_5)
FN:119,(anonymous_6)
FN:128,(anonymous_7)
FN:130,(anonymous_8)
FNF:9
FNH:6
FNDA:6,(anonymous_0)
FNDA:3,(anonymous_1)
FNDA:5,(anonymous_2)
FNDA:18,render
FNDA:5,(anonymous_4)
FNDA:0,(anonymous_5)
FNDA:0,(anonymous_6)
FNDA:0,(anonymous_7)
FNDA:3,(anonymous_8)
DA:3,1
DA:6,1
DA:7,1
DA:8,1
DA:10,6
DA:21,3
DA:22,3
DA:26,5
DA:27,1
DA:28,1
DA:30,4
DA:31,4
DA:33,2
DA:34,1
DA:37,2
DA:40,2
DA:42,4
DA:47,1
DA:49,1
DA:52,1
DA:53,1
DA:54,1
DA:60,1
DA:63,1
DA:66,1
DA:69,1
DA:72,1
DA:75,1
DA:78,1
DA:82,1
DA:85,1
DA:88,1
DA:92,1
DA:95,1
DA:100,18
DA:101,5
DA:110,0
DA:119,0
DA:128,0
DA:130,3
DA:133,1
LF:41
LH:38
BRDA:26,0,0,1
BRDA:26,0,1,4
BRDA:26,1,0,5
BRDA:26,1,1,4
BRDA:26,1,2,4
BRDA:26,1,3,2
BRDA:31,2,0,2
BRDA:31,2,1,2
BRDA:42,3,0,2
BRDA:42,3,1,2
BRDA:100,4,0,11
BRDA:100,4,1,7
BRDA:101,5,0,18
BRDA:101,5,1,6
BRDA:101,6,0,5
BRDA:101,6,1,5
BRDA:102,7,0,7
BRDA:102,7,1,11
BRDA:102,8,0,7
BRDA:102,8,1,3
BRDA:110,9,0,7
BRDA:110,9,1,3
BRDA:111,10,0,18
BRDA:111,10,1,6
BRDA:119,11,0,18
BRDA:119,11,1,6
BRDA:120,12,0,18
BRDA:120,12,1,6
BRDA:128,13,0,18
BRDA:128,13,1,6
BRDA:129,14,0,11
BRDA:129,14,1,7
BRDA:129,15,0,11
BRDA:129,15,1,7
BRDA:130,16,0,18
BRDA:130,16,1,6
BRDA:130,17,0,3
BRDA:130,17,1,3
BRDA:132,18,0,11
BRDA:132,18,1,7
BRDA:132,19,0,5
BRDA:132,19,1,13
BRF:42
BRH:42
end_of_record
TN:
SF:src\pages\ChatPage.vue
FN:8,_interopRequireDefault
FN:11,(anonymous_1)
FN:24,(anonymous_2)
FN:32,(anonymous_3)
FN:37,(anonymous_4)
FN:43,(anonymous_5)
FN:53,(anonymous_6)
FN:75,render
FN:76,(anonymous_8)
FN:82,(anonymous_9)
FN:85,(anonymous_10)
FN:92,(anonymous_11)
FNF:12
FNH:7
FNDA:1,_interopRequireDefault
FNDA:5,(anonymous_1)
FNDA:5,(anonymous_2)
FNDA:0,(anonymous_3)
FNDA:0,(anonymous_4)
FNDA:1,(anonymous_5)
FNDA:0,(anonymous_6)
FNDA:7,render
FNDA:0,(anonymous_8)
FNDA:1,(anonymous_9)
FNDA:1,(anonymous_10)
FNDA:0,(anonymous_11)
DA:3,1
DA:6,1
DA:7,1
DA:8,1
DA:10,1
DA:12,5
DA:26,5
DA:32,5
DA:33,0
DA:37,5
DA:38,0
DA:44,1
DA:45,1
DA:50,1
DA:54,0
DA:58,0
DA:62,1
DA:64,1
DA:67,1
DA:68,1
DA:69,1
DA:72,1
DA:76,7
DA:77,0
DA:82,1
DA:85,1
DA:92,0
DA:95,1
LF:28
LH:22
BRDA:8,0,0,1
BRDA:8,0,1,0
BRDA:8,1,0,1
BRDA:8,1,1,1
BRDA:44,2,0,0
BRDA:44,2,1,1
BRDA:82,3,0,7
BRDA:82,3,1,5
BRDA:82,4,0,1
BRDA:82,4,1,1
BRDA:85,5,0,7
BRDA:85,5,1,5
BRDA:88,6,0,7
BRDA:88,6,1,5
BRDA:92,7,0,7
BRDA:92,7,1,5
BRDA:92,8,0,0
BRDA:92,8,1,0
BRF:18
BRH:14
end_of_record
TN:
SF:src\pages\ProfilePage.vue
FN:10,(anonymous_0)
FN:22,(anonymous_1)
FN:32,(anonymous_2)
FN:35,(anonymous_3)
FN:40,(anonymous_4)
FN:49,(anonymous_5)
FN:85,render
FN:90,(anonymous_7)
FN:92,(anonymous_8)
FN:95,(anonymous_9)
FNF:10
FNH:9
FNDA:6,(anonymous_0)
FNDA:6,(anonymous_1)
FNDA:1,(anonymous_2)
FNDA:1,(anonymous_3)
FNDA:6,(anonymous_4)
FNDA:0,(anonymous_5)
FNDA:6,render
FNDA:1,(anonymous_7)
FNDA:12,(anonymous_8)
FNDA:1,(anonymous_9)
DA:3,1
DA:6,1
DA:7,1
DA:9,1
DA:11,6
DA:23,6
DA:25,6
DA:26,0
DA:28,0
DA:33,1
DA:36,1
DA:37,1
DA:41,6
DA:46,6
DA:50,0
DA:51,0
DA:55,1
DA:57,1
DA:60,1
DA:61,1
DA:62,1
DA:65,1
DA:68,1
DA:71,1
DA:74,1
DA:75,1
DA:78,1
DA:81,1
DA:84,1
DA:86,6
DA:90,1
DA:93,12
DA:95,1
DA:98,1
LF:34
LH:30
BRDA:87,0,0,6
BRDA:87,0,1,0
BRDA:90,1,0,6
BRDA:90,1,1,6
BRDA:90,2,0,1
BRDA:90,2,1,1
BRDA:92,3,0,6
BRDA:92,3,1,6
BRDA:92,4,0,6
BRDA:92,4,1,6
BRDA:92,5,0,6
BRDA:92,5,1,6
BRDA:92,6,0,6
BRDA:92,6,1,6
BRDA:92,7,0,6
BRDA:92,7,1,6
BRF:16
BRH:15
end_of_record
TN:
SF:src\pages\RoomsPage.vue
FN:8,(anonymous_0)
FN:17,(anonymous_1)
FN:21,(anonymous_2)
FN:32,(anonymous_3)
FN:37,(anonymous_4)
FN:41,(anonymous_5)
FN:70,(anonymous_6)
FN:76,(anonymous_7)
FN:143,render
FN:146,(anonymous_9)
FN:150,(anonymous_10)
FN:153,(anonymous_11)
FN:157,(anonymous_12)
FN:161,(anonymous_13)
FN:164,(anonymous_14)
FN:171,(anonymous_15)
FN:173,(anonymous_16)
FN:178,(anonymous_17)
FNF:18
FNH:14
FNDA:7,(anonymous_0)
FNDA:7,(anonymous_1)
FNDA:7,(anonymous_2)
FNDA:1,(anonymous_3)
FNDA:1,(anonymous_4)
FNDA:1,(anonymous_5)
FNDA:1,(anonymous_6)
FNDA:0,(anonymous_7)
FNDA:17,render
FNDA:68,(anonymous_9)
FNDA:1,(anonymous_10)
FNDA:1,(anonymous_11)
FNDA:1,(anonymous_12)
FNDA:1,(anonymous_13)
FNDA:0,(anonymous_14)
FNDA:0,(anonymous_15)
FNDA:1,(anonymous_16)
FNDA:0,(anonymous_17)
DA:3,1
DA:6,1
DA:7,1
DA:9,7
DA:18,7
DA:22,7
DA:23,7
DA:24,3
DA:25,3
DA:26,1
DA:28,6
DA:33,1
DA:34,1
DA:38,1
DA:42,1
DA:43,0
DA:44,0
DA:46,1
DA:47,1
DA:57,1
DA:58,1
DA:59,1
DA:60,1
DA:61,1
DA:62,1
DA:63,1
DA:65,0
DA:66,0
DA:71,1
DA:72,1
DA:75,1
DA:76,1
DA:77,0
DA:78,0
DA:80,1
DA:85,1
DA:87,1
DA:90,1
DA:91,1
DA:92,1
DA:98,1
DA:101,1
DA:104,1
DA:107,1
DA:108,1
DA:109,1
DA:112,1
DA:115,1
DA:119,1
DA:123,1
DA:126,1
DA:129,1
DA:132,1
DA:135,1
DA:139,1
DA:144,17
DA:147,68
DA:150,1
DA:153,1
DA:157,1
DA:161,1
DA:164,0
DA:171,0
DA:173,1
DA:178,0
DA:187,1
LF:66
LH:57
BRDA:24,0,0,0
BRDA:24,0,1,3
BRDA:42,1,0,0
BRDA:42,1,1,1
BRDA:57,2,0,0
BRDA:57,2,1,1
BRDA:75,3,0,0
BRDA:75,3,1,1
BRDA:144,4,0,17
BRDA:144,4,1,7
BRDA:157,5,0,17
BRDA:157,5,1,7
BRDA:158,6,0,17
BRDA:158,6,1,7
BRDA:160,7,0,17
BRDA:160,7,1,7
BRDA:161,8,0,17
BRDA:161,8,1,7
BRDA:161,9,0,1
BRDA:161,9,1,1
BRDA:164,10,0,17
BRDA:164,10,1,7
BRDA:166,11,0,1
BRDA:166,11,1,16
BRDA:166,12,0,3
BRDA:166,12,1,14
BRDA:166,13,0,3
BRDA:166,13,1,2
BRDA:171,14,0,3
BRDA:171,14,1,2
BRDA:173,15,0,3
BRDA:173,15,1,2
BRDA:173,16,0,1
BRDA:173,16,1,1
BRDA:174,17,0,3
BRDA:174,17,1,2
BRDA:178,18,0,3
BRDA:178,18,1,2
BRDA:183,19,0,3
BRDA:183,19,1,2
BRDA:186,20,0,12
BRDA:186,20,1,5
BRDA:186,21,0,1
BRDA:186,21,1,16
BRF:44
BRH:40
end_of_record
TN:
SF:src\shared\api\httpClient.js
FN:7,(anonymous_0)
FN:12,(anonymous_1)
FN:16,(anonymous_2)
FN:20,(anonymous_3)
FN:25,(anonymous_4)
FN:29,(anonymous_5)
FN:34,(anonymous_6)
FNF:7
FNH:1
FNDA:0,(anonymous_0)
FNDA:0,(anonymous_1)
FNDA:0,(anonymous_2)
FNDA:0,(anonymous_3)
FNDA:0,(anonymous_4)
FNDA:0,(anonymous_5)
FNDA:6,(anonymous_6)
DA:3,1
DA:7,1
DA:8,0
DA:9,0
DA:12,1
DA:13,0
DA:16,1
DA:17,0
DA:18,0
DA:20,1
DA:21,0
DA:22,0
DA:25,1
DA:26,0
DA:29,1
DA:30,0
DA:31,0
DA:34,1
DA:35,6
DA:36,6
DA:41,0
DA:43,0
DA:44,0
LF:23
LH:10
BRF:0
BRH:0
end_of_record
